
**** Build of configuration Debug for project WS2812 ****

"C:\\ti\\ccs1040\\ccs\\utils\\bin\\gmake" -k -j 12 all -O 
 
Building file: "../samplePatterns.c"
Invoking: Arm Compiler
"C:/ti/ccs1040/ccs/tools/compiler/ti-cgt-arm_20.2.5.LTS/bin/armcl" -mv7M4 --code_state=16 --float_support=FPv4SPD16 -me --include_path="C:/sandbox/WS2812_Drv/WS2812" --include_path="C:/ti/ccs1040/ccs/tools/compiler/ti-cgt-arm_20.2.5.LTS/include" --define=ccs="ccs" --define=PART_TM4C1294NCPDT -g --gcc --diag_warning=225 --diag_wrap=off --display_error_number --abi=eabi --preproc_with_compile --preproc_dependency="samplePatterns.d_raw"  "../samplePatterns.c"
 
>> Compilation failure
subdir_rules.mk:9: recipe for target 'samplePatterns.obj' failed
"../samplePatterns.c", line 3: fatal error #1965: cannot open source file "WS2812_drv.h"
1 catastrophic error detected in the compilation of "../samplePatterns.c".
Compilation terminated.
gmake: *** [samplePatterns.obj] Error 1
Building file: "../startup_ccs.c"
Invoking: Arm Compiler
"C:/ti/ccs1040/ccs/tools/compiler/ti-cgt-arm_20.2.5.LTS/bin/armcl" -mv7M4 --code_state=16 --float_support=FPv4SPD16 -me --include_path="C:/sandbox/WS2812_Drv/WS2812" --include_path="C:/ti/ccs1040/ccs/tools/compiler/ti-cgt-arm_20.2.5.LTS/include" --define=ccs="ccs" --define=PART_TM4C1294NCPDT -g --gcc --diag_warning=225 --diag_wrap=off --display_error_number --abi=eabi --preproc_with_compile --preproc_dependency="startup_ccs.d_raw"  "../startup_ccs.c"
 
>> Compilation failure
subdir_rules.mk:9: recipe for target 'startup_ccs.obj' failed
"../startup_ccs.c", line 26: fatal error #1965: cannot open source file "inc/hw_nvic.h"
1 catastrophic error detected in the compilation of "../startup_ccs.c".
Compilation terminated.
gmake: *** [startup_ccs.obj] Error 1
Building file: "../uDMA_example.c"
Invoking: Arm Compiler
"C:/ti/ccs1040/ccs/tools/compiler/ti-cgt-arm_20.2.5.LTS/bin/armcl" -mv7M4 --code_state=16 --float_support=FPv4SPD16 -me --include_path="C:/sandbox/WS2812_Drv/WS2812" --include_path="C:/ti/ccs1040/ccs/tools/compiler/ti-cgt-arm_20.2.5.LTS/include" --define=ccs="ccs" --define=PART_TM4C1294NCPDT -g --gcc --diag_warning=225 --diag_wrap=off --display_error_number --abi=eabi --preproc_with_compile --preproc_dependency="uDMA_example.d_raw"  "../uDMA_example.c"
 
>> Compilation failure
subdir_rules.mk:9: recipe for target 'uDMA_example.obj' failed
"../uDMA_example.c", line 10: fatal error #1965: cannot open source file "inc/hw_memmap.h"
1 catastrophic error detected in the compilation of "../uDMA_example.c".
Compilation terminated.
gmake: *** [uDMA_example.obj] Error 1
Building file: "../main.c"
Invoking: Arm Compiler
"C:/ti/ccs1040/ccs/tools/compiler/ti-cgt-arm_20.2.5.LTS/bin/armcl" -mv7M4 --code_state=16 --float_support=FPv4SPD16 -me --include_path="C:/sandbox/WS2812_Drv/WS2812" --include_path="C:/ti/ccs1040/ccs/tools/compiler/ti-cgt-arm_20.2.5.LTS/include" --define=ccs="ccs" --define=PART_TM4C1294NCPDT -g --gcc --diag_warning=225 --diag_wrap=off --display_error_number --abi=eabi --preproc_with_compile --preproc_dependency="main.d_raw"  "../main.c"
Finished building: "../main.c"
 
gmake: Target 'all' not remade because of errors.

**** Build Finished ****

**** Build of configuration Debug for project WS2812 ****

"C:\\ti\\ccs1040\\ccs\\utils\\bin\\gmake" -k -j 12 all -O 
 
Building file: "../SPI_uDMA_drv.c"
Invoking: Arm Compiler
"C:/ti/ccs1040/ccs/tools/compiler/ti-cgt-arm_20.2.5.LTS/bin/armcl" -mv7M4 --code_state=16 --float_support=FPv4SPD16 -me --include_path="C:/sandbox/WS2812_Drv/WS2812" --include_path="C:/ti/ccs1040/ccs/tools/compiler/ti-cgt-arm_20.2.5.LTS/include" --define=ccs="ccs" --define=PART_TM4C1294NCPDT -g --gcc --diag_warning=225 --diag_wrap=off --display_error_number --abi=eabi --preproc_with_compile --preproc_dependency="SPI_uDMA_drv.d_raw"  "../SPI_uDMA_drv.c"
 
>> Compilation failure
subdir_rules.mk:9: recipe for target 'SPI_uDMA_drv.obj' failed
"../SPI_uDMA_drv.c", line 7: fatal error #1965: cannot open source file "driverlib/gpio.h"
1 catastrophic error detected in the compilation of "../SPI_uDMA_drv.c".
Compilation terminated.
gmake: *** [SPI_uDMA_drv.obj] Error 1
Building file: "../WS2812_drv.c"
Invoking: Arm Compiler
"C:/ti/ccs1040/ccs/tools/compiler/ti-cgt-arm_20.2.5.LTS/bin/armcl" -mv7M4 --code_state=16 --float_support=FPv4SPD16 -me --include_path="C:/sandbox/WS2812_Drv/WS2812" --include_path="C:/ti/ccs1040/ccs/tools/compiler/ti-cgt-arm_20.2.5.LTS/include" --define=ccs="ccs" --define=PART_TM4C1294NCPDT -g --gcc --diag_warning=225 --diag_wrap=off --display_error_number --abi=eabi --preproc_with_compile --preproc_dependency="WS2812_drv.d_raw"  "../WS2812_drv.c"
 
>> Compilation failure
subdir_rules.mk:9: recipe for target 'WS2812_drv.obj' failed
"../WS2812_drv.c", line 6: fatal error #1965: cannot open source file "driverlib/gpio.h"
1 catastrophic error detected in the compilation of "../WS2812_drv.c".
Compilation terminated.
gmake: *** [WS2812_drv.obj] Error 1
Building file: "../startup_ccs.c"
Invoking: Arm Compiler
"C:/ti/ccs1040/ccs/tools/compiler/ti-cgt-arm_20.2.5.LTS/bin/armcl" -mv7M4 --code_state=16 --float_support=FPv4SPD16 -me --include_path="C:/sandbox/WS2812_Drv/WS2812" --include_path="C:/ti/ccs1040/ccs/tools/compiler/ti-cgt-arm_20.2.5.LTS/include" --define=ccs="ccs" --define=PART_TM4C1294NCPDT -g --gcc --diag_warning=225 --diag_wrap=off --display_error_number --abi=eabi --preproc_with_compile --preproc_dependency="startup_ccs.d_raw"  "../startup_ccs.c"
 
>> Compilation failure
subdir_rules.mk:9: recipe for target 'startup_ccs.obj' failed
"../startup_ccs.c", line 26: fatal error #1965: cannot open source file "inc/hw_nvic.h"
1 catastrophic error detected in the compilation of "../startup_ccs.c".
Compilation terminated.
gmake: *** [startup_ccs.obj] Error 1
Building file: "../uDMA_example.c"
Invoking: Arm Compiler
"C:/ti/ccs1040/ccs/tools/compiler/ti-cgt-arm_20.2.5.LTS/bin/armcl" -mv7M4 --code_state=16 --float_support=FPv4SPD16 -me --include_path="C:/sandbox/WS2812_Drv/WS2812" --include_path="C:/ti/ccs1040/ccs/tools/compiler/ti-cgt-arm_20.2.5.LTS/include" --define=ccs="ccs" --define=PART_TM4C1294NCPDT -g --gcc --diag_warning=225 --diag_wrap=off --display_error_number --abi=eabi --preproc_with_compile --preproc_dependency="uDMA_example.d_raw"  "../uDMA_example.c"
 
>> Compilation failure
subdir_rules.mk:9: recipe for target 'uDMA_example.obj' failed
"../uDMA_example.c", line 10: fatal error #1965: cannot open source file "inc/hw_memmap.h"
1 catastrophic error detected in the compilation of "../uDMA_example.c".
Compilation terminated.
gmake: *** [uDMA_example.obj] Error 1
Building file: "../samplePatterns.c"
Invoking: Arm Compiler
"C:/ti/ccs1040/ccs/tools/compiler/ti-cgt-arm_20.2.5.LTS/bin/armcl" -mv7M4 --code_state=16 --float_support=FPv4SPD16 -me --include_path="C:/sandbox/WS2812_Drv/WS2812" --include_path="C:/ti/ccs1040/ccs/tools/compiler/ti-cgt-arm_20.2.5.LTS/include" --define=ccs="ccs" --define=PART_TM4C1294NCPDT -g --gcc --diag_warning=225 --diag_wrap=off --display_error_number --abi=eabi --preproc_with_compile --preproc_dependency="samplePatterns.d_raw"  "../samplePatterns.c"
Finished building: "../samplePatterns.c"
 
gmake: Target 'all' not remade because of errors.

**** Build Finished ****

**** Build of configuration Debug for project WS2812 ****

"C:\\ti\\ccs1040\\ccs\\utils\\bin\\gmake" -k -j 12 all -O 
 
Building file: "../SPI_uDMA_drv.c"
Invoking: Arm Compiler
"C:/ti/ccs1040/ccs/tools/compiler/ti-cgt-arm_20.2.5.LTS/bin/armcl" -mv7M4 --code_state=16 --float_support=FPv4SPD16 -me --include_path="C:/sandbox/WS2812_Drv/WS2812" --include_path="C:/ti/tirtos_tivac_2_16_01_14/products/TivaWare_C_Series-2.1.1.71b" --include_path="C:/ti/ccs1040/ccs/tools/compiler/ti-cgt-arm_20.2.5.LTS/include" --define=ccs="ccs" --define=PART_TM4C1294NCPDT -g --gcc --diag_warning=225 --diag_wrap=off --display_error_number --abi=eabi --preproc_with_compile --preproc_dependency="SPI_uDMA_drv.d_raw"  "../SPI_uDMA_drv.c"
 
>> Compilation failure
subdir_rules.mk:9: recipe for target 'SPI_uDMA_drv.obj' failed
"../SPI_uDMA_drv.c", line 57: warning #225-D: function "ROM_SSIIntStatus" declared implicitly
"../SPI_uDMA_drv.c", line 66: warning #225-D: function "ROM_SSIIntClear" declared implicitly
"../SPI_uDMA_drv.c", line 72: warning #225-D: function "ROM_uDMAChannelIsEnabled" declared implicitly
"../SPI_uDMA_drv.c", line 80: warning #225-D: function "ROM_uDMAChannelControlSet" declared implicitly
"../SPI_uDMA_drv.c", line 83: warning #225-D: function "ROM_uDMAChannelTransferSet" declared implicitly
"../SPI_uDMA_drv.c", line 99: warning #225-D: function "ROM_uDMAChannelControlSet" declared implicitly
"../SPI_uDMA_drv.c", line 102: warning #225-D: function "ROM_uDMAChannelTransferSet" declared implicitly
"../SPI_uDMA_drv.c", line 111: warning #225-D: function "ROM_uDMAChannelEnable" declared implicitly
"../SPI_uDMA_drv.c", line 130: warning #225-D: function "ROM_uDMAErrorStatusGet" declared implicitly
"../SPI_uDMA_drv.c", line 167: warning #225-D: function "ROM_SysCtlPeripheralEnable" declared implicitly
"../SPI_uDMA_drv.c", line 168: warning #225-D: function "ROM_SysCtlPeripheralSleepEnable" declared implicitly
"../SPI_uDMA_drv.c", line 174: warning #225-D: function "ROM_IntEnable" declared implicitly
"../SPI_uDMA_drv.c", line 179: warning #225-D: function "ROM_uDMAEnable" declared implicitly
"../SPI_uDMA_drv.c", line 184: warning #225-D: function "ROM_uDMAControlBaseSet" declared implicitly
"../SPI_uDMA_drv.c", line 197: error #20: identifier "GPIO_PF1_SSI1TX" is undefined
"../SPI_uDMA_drv.c", line 206: warning #225-D: function "ROM_SSIConfigSetExpClk" declared implicitly
"../SPI_uDMA_drv.c", line 206: warning #225-D: function "ROM_SysCtlClockGet" declared implicitly
"../SPI_uDMA_drv.c", line 213: warning #225-D: function "ROM_SSIEnable" declared implicitly
"../SPI_uDMA_drv.c", line 214: warning #225-D: function "ROM_SSIDMAEnable" declared implicitly
"../SPI_uDMA_drv.c", line 228: warning #225-D: function "ROM_uDMAChannelAttributeDisable" declared implicitly
"../SPI_uDMA_drv.c", line 246: warning #225-D: function "ROM_uDMAChannelControlSet" declared implicitly
"../SPI_uDMA_drv.c", line 257: warning #225-D: function "ROM_uDMAChannelTransferSet" declared implicitly
"../SPI_uDMA_drv.c", line 269: warning #225-D: function "ROM_IntMasterEnable" declared implicitly
"../SPI_uDMA_drv.c", line 270: warning #225-D: function "ROM_uDMAChannelEnable" declared implicitly
1 error detected in the compilation of "../SPI_uDMA_drv.c".
gmake: *** [SPI_uDMA_drv.obj] Error 1
Building file: "../main.c"
Invoking: Arm Compiler
"C:/ti/ccs1040/ccs/tools/compiler/ti-cgt-arm_20.2.5.LTS/bin/armcl" -mv7M4 --code_state=16 --float_support=FPv4SPD16 -me --include_path="C:/sandbox/WS2812_Drv/WS2812" --include_path="C:/ti/tirtos_tivac_2_16_01_14/products/TivaWare_C_Series-2.1.1.71b" --include_path="C:/ti/ccs1040/ccs/tools/compiler/ti-cgt-arm_20.2.5.LTS/include" --define=ccs="ccs" --define=PART_TM4C1294NCPDT -g --gcc --diag_warning=225 --diag_wrap=off --display_error_number --abi=eabi --preproc_with_compile --preproc_dependency="main.d_raw"  "../main.c"
Finished building: "../main.c"
 
Building file: "../startup_ccs.c"
Invoking: Arm Compiler
"C:/ti/ccs1040/ccs/tools/compiler/ti-cgt-arm_20.2.5.LTS/bin/armcl" -mv7M4 --code_state=16 --float_support=FPv4SPD16 -me --include_path="C:/sandbox/WS2812_Drv/WS2812" --include_path="C:/ti/tirtos_tivac_2_16_01_14/products/TivaWare_C_Series-2.1.1.71b" --include_path="C:/ti/ccs1040/ccs/tools/compiler/ti-cgt-arm_20.2.5.LTS/include" --define=ccs="ccs" --define=PART_TM4C1294NCPDT -g --gcc --diag_warning=225 --diag_wrap=off --display_error_number --abi=eabi --preproc_with_compile --preproc_dependency="startup_ccs.d_raw"  "../startup_ccs.c"
Finished building: "../startup_ccs.c"
 
Building file: "../WS2812_drv.c"
Invoking: Arm Compiler
"C:/ti/ccs1040/ccs/tools/compiler/ti-cgt-arm_20.2.5.LTS/bin/armcl" -mv7M4 --code_state=16 --float_support=FPv4SPD16 -me --include_path="C:/sandbox/WS2812_Drv/WS2812" --include_path="C:/ti/tirtos_tivac_2_16_01_14/products/TivaWare_C_Series-2.1.1.71b" --include_path="C:/ti/ccs1040/ccs/tools/compiler/ti-cgt-arm_20.2.5.LTS/include" --define=ccs="ccs" --define=PART_TM4C1294NCPDT -g --gcc --diag_warning=225 --diag_wrap=off --display_error_number --abi=eabi --preproc_with_compile --preproc_dependency="WS2812_drv.d_raw"  "../WS2812_drv.c"
Finished building: "../WS2812_drv.c"
 
Building file: "../samplePatterns.c"
Invoking: Arm Compiler
"C:/ti/ccs1040/ccs/tools/compiler/ti-cgt-arm_20.2.5.LTS/bin/armcl" -mv7M4 --code_state=16 --float_support=FPv4SPD16 -me --include_path="C:/sandbox/WS2812_Drv/WS2812" --include_path="C:/ti/tirtos_tivac_2_16_01_14/products/TivaWare_C_Series-2.1.1.71b" --include_path="C:/ti/ccs1040/ccs/tools/compiler/ti-cgt-arm_20.2.5.LTS/include" --define=ccs="ccs" --define=PART_TM4C1294NCPDT -g --gcc --diag_warning=225 --diag_wrap=off --display_error_number --abi=eabi --preproc_with_compile --preproc_dependency="samplePatterns.d_raw"  "../samplePatterns.c"
Finished building: "../samplePatterns.c"
 
Building file: "../uDMA_example.c"
Invoking: Arm Compiler
"C:/ti/ccs1040/ccs/tools/compiler/ti-cgt-arm_20.2.5.LTS/bin/armcl" -mv7M4 --code_state=16 --float_support=FPv4SPD16 -me --include_path="C:/sandbox/WS2812_Drv/WS2812" --include_path="C:/ti/tirtos_tivac_2_16_01_14/products/TivaWare_C_Series-2.1.1.71b" --include_path="C:/ti/ccs1040/ccs/tools/compiler/ti-cgt-arm_20.2.5.LTS/include" --define=ccs="ccs" --define=PART_TM4C1294NCPDT -g --gcc --diag_warning=225 --diag_wrap=off --display_error_number --abi=eabi --preproc_with_compile --preproc_dependency="uDMA_example.d_raw"  "../uDMA_example.c"
"../uDMA_example.c", line 35: warning #225-D: function "ROM_SysCtlPeripheralEnable" declared implicitly
"../uDMA_example.c", line 45: warning #225-D: function "ROM_GPIOPinConfigure" declared implicitly
"../uDMA_example.c", line 47: warning #225-D: function "ROM_GPIOPinTypeUART" declared implicitly
"../uDMA_example.c", line 101: warning #225-D: function "ROM_SysCtlClockSet" declared implicitly
"../uDMA_example.c", line 108: warning #225-D: function "ROM_FPULazyStackingEnable" declared implicitly
Finished building: "../uDMA_example.c"
 
gmake: Target 'all' not remade because of errors.

**** Build Finished ****

**** Build of configuration Debug for project WS2812 ****

"C:\\ti\\ccs1040\\ccs\\utils\\bin\\gmake" -k -j 12 all -O 
 
Building file: "../SPI_uDMA_drv.c"
Invoking: Arm Compiler
"C:/ti/ccs1040/ccs/tools/compiler/ti-cgt-arm_20.2.5.LTS/bin/armcl" -mv7M4 --code_state=16 --float_support=FPv4SPD16 -me --include_path="C:/sandbox/WS2812_Drv/WS2812" --include_path="C:/ti/tirtos_tivac_2_16_01_14/products/TivaWare_C_Series-2.1.1.71b" --include_path="C:/ti/ccs1040/ccs/tools/compiler/ti-cgt-arm_20.2.5.LTS/include" --define=ccs="ccs" --define=PART_TM4C1294NCPDT -g --gcc --diag_warning=225 --diag_wrap=off --display_error_number --abi=eabi --preproc_with_compile --preproc_dependency="SPI_uDMA_drv.d_raw"  "../SPI_uDMA_drv.c"
 
>> Compilation failure
subdir_rules.mk:9: recipe for target 'SPI_uDMA_drv.obj' failed
"../SPI_uDMA_drv.c", line 57: warning #225-D: function "ROM_SSIIntStatus" declared implicitly
"../SPI_uDMA_drv.c", line 66: warning #225-D: function "ROM_SSIIntClear" declared implicitly
"../SPI_uDMA_drv.c", line 72: warning #225-D: function "ROM_uDMAChannelIsEnabled" declared implicitly
"../SPI_uDMA_drv.c", line 80: warning #225-D: function "ROM_uDMAChannelControlSet" declared implicitly
"../SPI_uDMA_drv.c", line 83: warning #225-D: function "ROM_uDMAChannelTransferSet" declared implicitly
"../SPI_uDMA_drv.c", line 99: warning #225-D: function "ROM_uDMAChannelControlSet" declared implicitly
"../SPI_uDMA_drv.c", line 102: warning #225-D: function "ROM_uDMAChannelTransferSet" declared implicitly
"../SPI_uDMA_drv.c", line 111: warning #225-D: function "ROM_uDMAChannelEnable" declared implicitly
"../SPI_uDMA_drv.c", line 130: warning #225-D: function "ROM_uDMAErrorStatusGet" declared implicitly
"../SPI_uDMA_drv.c", line 167: warning #225-D: function "ROM_SysCtlPeripheralEnable" declared implicitly
"../SPI_uDMA_drv.c", line 168: warning #225-D: function "ROM_SysCtlPeripheralSleepEnable" declared implicitly
"../SPI_uDMA_drv.c", line 174: warning #225-D: function "ROM_IntEnable" declared implicitly
"../SPI_uDMA_drv.c", line 179: warning #225-D: function "ROM_uDMAEnable" declared implicitly
"../SPI_uDMA_drv.c", line 184: warning #225-D: function "ROM_uDMAControlBaseSet" declared implicitly
"../SPI_uDMA_drv.c", line 197: error #20: identifier "GPIO_PF1_SSI1TX" is undefined
"../SPI_uDMA_drv.c", line 206: warning #225-D: function "ROM_SSIConfigSetExpClk" declared implicitly
"../SPI_uDMA_drv.c", line 206: warning #225-D: function "ROM_SysCtlClockGet" declared implicitly
"../SPI_uDMA_drv.c", line 213: warning #225-D: function "ROM_SSIEnable" declared implicitly
"../SPI_uDMA_drv.c", line 214: warning #225-D: function "ROM_SSIDMAEnable" declared implicitly
"../SPI_uDMA_drv.c", line 228: warning #225-D: function "ROM_uDMAChannelAttributeDisable" declared implicitly
"../SPI_uDMA_drv.c", line 246: warning #225-D: function "ROM_uDMAChannelControlSet" declared implicitly
"../SPI_uDMA_drv.c", line 257: warning #225-D: function "ROM_uDMAChannelTransferSet" declared implicitly
"../SPI_uDMA_drv.c", line 269: warning #225-D: function "ROM_IntMasterEnable" declared implicitly
"../SPI_uDMA_drv.c", line 270: warning #225-D: function "ROM_uDMAChannelEnable" declared implicitly
1 error detected in the compilation of "../SPI_uDMA_drv.c".
gmake: *** [SPI_uDMA_drv.obj] Error 1
Building file: "../uDMA_example.c"
Invoking: Arm Compiler
"C:/ti/ccs1040/ccs/tools/compiler/ti-cgt-arm_20.2.5.LTS/bin/armcl" -mv7M4 --code_state=16 --float_support=FPv4SPD16 -me --include_path="C:/sandbox/WS2812_Drv/WS2812" --include_path="C:/ti/tirtos_tivac_2_16_01_14/products/TivaWare_C_Series-2.1.1.71b" --include_path="C:/ti/ccs1040/ccs/tools/compiler/ti-cgt-arm_20.2.5.LTS/include" --define=ccs="ccs" --define=PART_TM4C1294NCPDT -g --gcc --diag_warning=225 --diag_wrap=off --display_error_number --abi=eabi --preproc_with_compile --preproc_dependency="uDMA_example.d_raw"  "../uDMA_example.c"
"../uDMA_example.c", line 40: warning #225-D: function "ROM_SysCtlPeripheralEnable" declared implicitly
"../uDMA_example.c", line 45: warning #225-D: function "ROM_GPIOPinConfigure" declared implicitly
"../uDMA_example.c", line 47: warning #225-D: function "ROM_GPIOPinTypeUART" declared implicitly
"../uDMA_example.c", line 101: warning #225-D: function "ROM_SysCtlClockSet" declared implicitly
"../uDMA_example.c", line 108: warning #225-D: function "ROM_FPULazyStackingEnable" declared implicitly
Finished building: "../uDMA_example.c"
 
gmake: Target 'all' not remade because of errors.

**** Build Finished ****

**** Build of configuration Debug for project WS2812 ****

"C:\\ti\\ccs1040\\ccs\\utils\\bin\\gmake" -k -j 12 all -O 
 
Building file: "../SPI_uDMA_drv.c"
Invoking: Arm Compiler
"C:/ti/ccs1040/ccs/tools/compiler/ti-cgt-arm_20.2.5.LTS/bin/armcl" -mv7M4 --code_state=16 --float_support=FPv4SPD16 -me --include_path="C:/sandbox/WS2812_Drv/WS2812" --include_path="C:/ti/tirtos_tivac_2_16_01_14/products/TivaWare_C_Series-2.1.1.71b" --include_path="C:/ti/ccs1040/ccs/tools/compiler/ti-cgt-arm_20.2.5.LTS/include" --define=ccs="ccs" --define=PART_TM4C1294NCPDT -g --gcc --diag_warning=225 --diag_wrap=off --display_error_number --abi=eabi --preproc_with_compile --preproc_dependency="SPI_uDMA_drv.d_raw"  "../SPI_uDMA_drv.c"
 
>> Compilation failure
subdir_rules.mk:9: recipe for target 'SPI_uDMA_drv.obj' failed
"../SPI_uDMA_drv.c", line 57: warning #225-D: function "ROM_SSIIntStatus" declared implicitly
"../SPI_uDMA_drv.c", line 66: warning #225-D: function "ROM_SSIIntClear" declared implicitly
"../SPI_uDMA_drv.c", line 72: warning #225-D: function "ROM_uDMAChannelIsEnabled" declared implicitly
"../SPI_uDMA_drv.c", line 80: warning #225-D: function "ROM_uDMAChannelControlSet" declared implicitly
"../SPI_uDMA_drv.c", line 83: warning #225-D: function "ROM_uDMAChannelTransferSet" declared implicitly
"../SPI_uDMA_drv.c", line 99: warning #225-D: function "ROM_uDMAChannelControlSet" declared implicitly
"../SPI_uDMA_drv.c", line 102: warning #225-D: function "ROM_uDMAChannelTransferSet" declared implicitly
"../SPI_uDMA_drv.c", line 111: warning #225-D: function "ROM_uDMAChannelEnable" declared implicitly
"../SPI_uDMA_drv.c", line 130: warning #225-D: function "ROM_uDMAErrorStatusGet" declared implicitly
"../SPI_uDMA_drv.c", line 167: warning #225-D: function "ROM_SysCtlPeripheralEnable" declared implicitly
"../SPI_uDMA_drv.c", line 168: warning #225-D: function "ROM_SysCtlPeripheralSleepEnable" declared implicitly
"../SPI_uDMA_drv.c", line 174: warning #225-D: function "ROM_IntEnable" declared implicitly
"../SPI_uDMA_drv.c", line 179: warning #225-D: function "ROM_uDMAEnable" declared implicitly
"../SPI_uDMA_drv.c", line 184: warning #225-D: function "ROM_uDMAControlBaseSet" declared implicitly
"../SPI_uDMA_drv.c", line 197: error #20: identifier "GPIO_PF1_SSI1TX" is undefined
"../SPI_uDMA_drv.c", line 206: warning #225-D: function "ROM_SSIConfigSetExpClk" declared implicitly
"../SPI_uDMA_drv.c", line 206: warning #225-D: function "ROM_SysCtlClockGet" declared implicitly
"../SPI_uDMA_drv.c", line 213: warning #225-D: function "ROM_SSIEnable" declared implicitly
"../SPI_uDMA_drv.c", line 214: warning #225-D: function "ROM_SSIDMAEnable" declared implicitly
"../SPI_uDMA_drv.c", line 228: warning #225-D: function "ROM_uDMAChannelAttributeDisable" declared implicitly
"../SPI_uDMA_drv.c", line 246: warning #225-D: function "ROM_uDMAChannelControlSet" declared implicitly
"../SPI_uDMA_drv.c", line 257: warning #225-D: function "ROM_uDMAChannelTransferSet" declared implicitly
"../SPI_uDMA_drv.c", line 269: warning #225-D: function "ROM_IntMasterEnable" declared implicitly
"../SPI_uDMA_drv.c", line 270: warning #225-D: function "ROM_uDMAChannelEnable" declared implicitly
1 error detected in the compilation of "../SPI_uDMA_drv.c".
gmake: *** [SPI_uDMA_drv.obj] Error 1
Building file: "../uDMA_example.c"
Invoking: Arm Compiler
"C:/ti/ccs1040/ccs/tools/compiler/ti-cgt-arm_20.2.5.LTS/bin/armcl" -mv7M4 --code_state=16 --float_support=FPv4SPD16 -me --include_path="C:/sandbox/WS2812_Drv/WS2812" --include_path="C:/ti/tirtos_tivac_2_16_01_14/products/TivaWare_C_Series-2.1.1.71b" --include_path="C:/ti/ccs1040/ccs/tools/compiler/ti-cgt-arm_20.2.5.LTS/include" --define=ccs="ccs" --define=PART_TM4C1294NCPDT -g --gcc --diag_warning=225 --diag_wrap=off --display_error_number --abi=eabi --preproc_with_compile --preproc_dependency="uDMA_example.d_raw"  "../uDMA_example.c"
"../uDMA_example.c", line 45: warning #225-D: function "ROM_GPIOPinConfigure" declared implicitly
"../uDMA_example.c", line 47: warning #225-D: function "ROM_GPIOPinTypeUART" declared implicitly
"../uDMA_example.c", line 101: warning #225-D: function "ROM_SysCtlClockSet" declared implicitly
"../uDMA_example.c", line 108: warning #225-D: function "ROM_FPULazyStackingEnable" declared implicitly
Finished building: "../uDMA_example.c"
 
gmake: Target 'all' not remade because of errors.

**** Build Finished ****

**** Build of configuration Debug for project WS2812 ****

"C:\\ti\\ccs1040\\ccs\\utils\\bin\\gmake" -k -j 12 all -O 
 
Building file: "../SPI_uDMA_drv.c"
Invoking: Arm Compiler
"C:/ti/ccs1040/ccs/tools/compiler/ti-cgt-arm_20.2.5.LTS/bin/armcl" -mv7M4 --code_state=16 --float_support=FPv4SPD16 -me --include_path="C:/sandbox/WS2812_Drv/WS2812" --include_path="C:/ti/tirtos_tivac_2_16_01_14/products/TivaWare_C_Series-2.1.1.71b" --include_path="C:/ti/ccs1040/ccs/tools/compiler/ti-cgt-arm_20.2.5.LTS/include" --define=ccs="ccs" --define=PART_TM4C1294NCPDT -g --gcc --diag_warning=225 --diag_wrap=off --display_error_number --abi=eabi --preproc_with_compile --preproc_dependency="SPI_uDMA_drv.d_raw"  "../SPI_uDMA_drv.c"
 
>> Compilation failure
subdir_rules.mk:9: recipe for target 'SPI_uDMA_drv.obj' failed
"../SPI_uDMA_drv.c", line 57: warning #225-D: function "ROM_SSIIntStatus" declared implicitly
"../SPI_uDMA_drv.c", line 66: warning #225-D: function "ROM_SSIIntClear" declared implicitly
"../SPI_uDMA_drv.c", line 72: warning #225-D: function "ROM_uDMAChannelIsEnabled" declared implicitly
"../SPI_uDMA_drv.c", line 80: warning #225-D: function "ROM_uDMAChannelControlSet" declared implicitly
"../SPI_uDMA_drv.c", line 83: warning #225-D: function "ROM_uDMAChannelTransferSet" declared implicitly
"../SPI_uDMA_drv.c", line 99: warning #225-D: function "ROM_uDMAChannelControlSet" declared implicitly
"../SPI_uDMA_drv.c", line 102: warning #225-D: function "ROM_uDMAChannelTransferSet" declared implicitly
"../SPI_uDMA_drv.c", line 111: warning #225-D: function "ROM_uDMAChannelEnable" declared implicitly
"../SPI_uDMA_drv.c", line 130: warning #225-D: function "ROM_uDMAErrorStatusGet" declared implicitly
"../SPI_uDMA_drv.c", line 167: warning #225-D: function "ROM_SysCtlPeripheralEnable" declared implicitly
"../SPI_uDMA_drv.c", line 168: warning #225-D: function "ROM_SysCtlPeripheralSleepEnable" declared implicitly
"../SPI_uDMA_drv.c", line 174: warning #225-D: function "ROM_IntEnable" declared implicitly
"../SPI_uDMA_drv.c", line 179: warning #225-D: function "ROM_uDMAEnable" declared implicitly
"../SPI_uDMA_drv.c", line 184: warning #225-D: function "ROM_uDMAControlBaseSet" declared implicitly
"../SPI_uDMA_drv.c", line 197: error #20: identifier "GPIO_PF1_SSI1TX" is undefined
"../SPI_uDMA_drv.c", line 206: warning #225-D: function "ROM_SSIConfigSetExpClk" declared implicitly
"../SPI_uDMA_drv.c", line 206: warning #225-D: function "ROM_SysCtlClockGet" declared implicitly
"../SPI_uDMA_drv.c", line 213: warning #225-D: function "ROM_SSIEnable" declared implicitly
"../SPI_uDMA_drv.c", line 214: warning #225-D: function "ROM_SSIDMAEnable" declared implicitly
"../SPI_uDMA_drv.c", line 228: warning #225-D: function "ROM_uDMAChannelAttributeDisable" declared implicitly
"../SPI_uDMA_drv.c", line 246: warning #225-D: function "ROM_uDMAChannelControlSet" declared implicitly
"../SPI_uDMA_drv.c", line 257: warning #225-D: function "ROM_uDMAChannelTransferSet" declared implicitly
"../SPI_uDMA_drv.c", line 269: warning #225-D: function "ROM_IntMasterEnable" declared implicitly
"../SPI_uDMA_drv.c", line 270: warning #225-D: function "ROM_uDMAChannelEnable" declared implicitly
1 error detected in the compilation of "../SPI_uDMA_drv.c".
gmake: *** [SPI_uDMA_drv.obj] Error 1
Building file: "../uDMA_example.c"
Invoking: Arm Compiler
"C:/ti/ccs1040/ccs/tools/compiler/ti-cgt-arm_20.2.5.LTS/bin/armcl" -mv7M4 --code_state=16 --float_support=FPv4SPD16 -me --include_path="C:/sandbox/WS2812_Drv/WS2812" --include_path="C:/ti/tirtos_tivac_2_16_01_14/products/TivaWare_C_Series-2.1.1.71b" --include_path="C:/ti/ccs1040/ccs/tools/compiler/ti-cgt-arm_20.2.5.LTS/include" --define=ccs="ccs" --define=PART_TM4C1294NCPDT -g --gcc --diag_warning=225 --diag_wrap=off --display_error_number --abi=eabi --preproc_with_compile --preproc_dependency="uDMA_example.d_raw"  "../uDMA_example.c"
"../uDMA_example.c", line 101: warning #225-D: function "ROM_SysCtlClockSet" declared implicitly
"../uDMA_example.c", line 108: warning #225-D: function "ROM_FPULazyStackingEnable" declared implicitly
Finished building: "../uDMA_example.c"
 
gmake: Target 'all' not remade because of errors.

**** Build Finished ****

**** Build of configuration Debug for project WS2812 ****

"C:\\ti\\ccs1040\\ccs\\utils\\bin\\gmake" -k -j 12 all -O 
 
Building file: "../SPI_uDMA_drv.c"
Invoking: Arm Compiler
"C:/ti/ccs1040/ccs/tools/compiler/ti-cgt-arm_20.2.5.LTS/bin/armcl" -mv7M4 --code_state=16 --float_support=FPv4SPD16 -me --include_path="C:/sandbox/WS2812_Drv/WS2812" --include_path="C:/ti/tirtos_tivac_2_16_01_14/products/TivaWare_C_Series-2.1.1.71b" --include_path="C:/ti/ccs1040/ccs/tools/compiler/ti-cgt-arm_20.2.5.LTS/include" --define=ccs="ccs" --define=PART_TM4C1294NCPDT -g --gcc --diag_warning=225 --diag_wrap=off --display_error_number --abi=eabi --preproc_with_compile --preproc_dependency="SPI_uDMA_drv.d_raw"  "../SPI_uDMA_drv.c"
 
>> Compilation failure
subdir_rules.mk:9: recipe for target 'SPI_uDMA_drv.obj' failed
"../SPI_uDMA_drv.c", line 57: warning #225-D: function "ROM_SSIIntStatus" declared implicitly
"../SPI_uDMA_drv.c", line 66: warning #225-D: function "ROM_SSIIntClear" declared implicitly
"../SPI_uDMA_drv.c", line 72: warning #225-D: function "ROM_uDMAChannelIsEnabled" declared implicitly
"../SPI_uDMA_drv.c", line 80: warning #225-D: function "ROM_uDMAChannelControlSet" declared implicitly
"../SPI_uDMA_drv.c", line 83: warning #225-D: function "ROM_uDMAChannelTransferSet" declared implicitly
"../SPI_uDMA_drv.c", line 99: warning #225-D: function "ROM_uDMAChannelControlSet" declared implicitly
"../SPI_uDMA_drv.c", line 102: warning #225-D: function "ROM_uDMAChannelTransferSet" declared implicitly
"../SPI_uDMA_drv.c", line 111: warning #225-D: function "ROM_uDMAChannelEnable" declared implicitly
"../SPI_uDMA_drv.c", line 130: warning #225-D: function "ROM_uDMAErrorStatusGet" declared implicitly
"../SPI_uDMA_drv.c", line 167: warning #225-D: function "ROM_SysCtlPeripheralEnable" declared implicitly
"../SPI_uDMA_drv.c", line 168: warning #225-D: function "ROM_SysCtlPeripheralSleepEnable" declared implicitly
"../SPI_uDMA_drv.c", line 174: warning #225-D: function "ROM_IntEnable" declared implicitly
"../SPI_uDMA_drv.c", line 179: warning #225-D: function "ROM_uDMAEnable" declared implicitly
"../SPI_uDMA_drv.c", line 184: warning #225-D: function "ROM_uDMAControlBaseSet" declared implicitly
"../SPI_uDMA_drv.c", line 197: error #20: identifier "GPIO_PF1_SSI1TX" is undefined
"../SPI_uDMA_drv.c", line 206: warning #225-D: function "ROM_SSIConfigSetExpClk" declared implicitly
"../SPI_uDMA_drv.c", line 206: warning #225-D: function "ROM_SysCtlClockGet" declared implicitly
"../SPI_uDMA_drv.c", line 213: warning #225-D: function "ROM_SSIEnable" declared implicitly
"../SPI_uDMA_drv.c", line 214: warning #225-D: function "ROM_SSIDMAEnable" declared implicitly
"../SPI_uDMA_drv.c", line 228: warning #225-D: function "ROM_uDMAChannelAttributeDisable" declared implicitly
"../SPI_uDMA_drv.c", line 246: warning #225-D: function "ROM_uDMAChannelControlSet" declared implicitly
"../SPI_uDMA_drv.c", line 257: warning #225-D: function "ROM_uDMAChannelTransferSet" declared implicitly
"../SPI_uDMA_drv.c", line 269: warning #225-D: function "ROM_IntMasterEnable" declared implicitly
"../SPI_uDMA_drv.c", line 270: warning #225-D: function "ROM_uDMAChannelEnable" declared implicitly
1 error detected in the compilation of "../SPI_uDMA_drv.c".
gmake: *** [SPI_uDMA_drv.obj] Error 1
Building file: "../uDMA_example.c"
Invoking: Arm Compiler
"C:/ti/ccs1040/ccs/tools/compiler/ti-cgt-arm_20.2.5.LTS/bin/armcl" -mv7M4 --code_state=16 --float_support=FPv4SPD16 -me --include_path="C:/sandbox/WS2812_Drv/WS2812" --include_path="C:/ti/tirtos_tivac_2_16_01_14/products/TivaWare_C_Series-2.1.1.71b" --include_path="C:/ti/ccs1040/ccs/tools/compiler/ti-cgt-arm_20.2.5.LTS/include" --define=ccs="ccs" --define=PART_TM4C1294NCPDT -g --gcc --diag_warning=225 --diag_wrap=off --display_error_number --abi=eabi --preproc_with_compile --preproc_dependency="uDMA_example.d_raw"  "../uDMA_example.c"
"../uDMA_example.c", line 108: warning #225-D: function "FPULazyStackingEnable" declared implicitly
Finished building: "../uDMA_example.c"
 
gmake: Target 'all' not remade because of errors.

**** Build Finished ****

**** Build of configuration Debug for project WS2812 ****

"C:\\ti\\ccs1040\\ccs\\utils\\bin\\gmake" -k -j 12 all -O 
 
Building file: "../SPI_uDMA_drv.c"
Invoking: Arm Compiler
"C:/ti/ccs1040/ccs/tools/compiler/ti-cgt-arm_20.2.5.LTS/bin/armcl" -mv7M4 --code_state=16 --float_support=FPv4SPD16 -me --include_path="C:/sandbox/WS2812_Drv/WS2812" --include_path="C:/ti/tirtos_tivac_2_16_01_14/products/TivaWare_C_Series-2.1.1.71b" --include_path="C:/ti/ccs1040/ccs/tools/compiler/ti-cgt-arm_20.2.5.LTS/include" --define=ccs="ccs" --define=PART_TM4C1294NCPDT -g --gcc --diag_warning=225 --diag_wrap=off --display_error_number --abi=eabi --preproc_with_compile --preproc_dependency="SPI_uDMA_drv.d_raw"  "../SPI_uDMA_drv.c"
 
>> Compilation failure
subdir_rules.mk:9: recipe for target 'SPI_uDMA_drv.obj' failed
"../SPI_uDMA_drv.c", line 57: warning #225-D: function "ROM_SSIIntStatus" declared implicitly
"../SPI_uDMA_drv.c", line 66: warning #225-D: function "ROM_SSIIntClear" declared implicitly
"../SPI_uDMA_drv.c", line 72: warning #225-D: function "ROM_uDMAChannelIsEnabled" declared implicitly
"../SPI_uDMA_drv.c", line 80: warning #225-D: function "ROM_uDMAChannelControlSet" declared implicitly
"../SPI_uDMA_drv.c", line 83: warning #225-D: function "ROM_uDMAChannelTransferSet" declared implicitly
"../SPI_uDMA_drv.c", line 99: warning #225-D: function "ROM_uDMAChannelControlSet" declared implicitly
"../SPI_uDMA_drv.c", line 102: warning #225-D: function "ROM_uDMAChannelTransferSet" declared implicitly
"../SPI_uDMA_drv.c", line 111: warning #225-D: function "ROM_uDMAChannelEnable" declared implicitly
"../SPI_uDMA_drv.c", line 130: warning #225-D: function "ROM_uDMAErrorStatusGet" declared implicitly
"../SPI_uDMA_drv.c", line 167: warning #225-D: function "ROM_SysCtlPeripheralEnable" declared implicitly
"../SPI_uDMA_drv.c", line 168: warning #225-D: function "ROM_SysCtlPeripheralSleepEnable" declared implicitly
"../SPI_uDMA_drv.c", line 174: warning #225-D: function "ROM_IntEnable" declared implicitly
"../SPI_uDMA_drv.c", line 179: warning #225-D: function "ROM_uDMAEnable" declared implicitly
"../SPI_uDMA_drv.c", line 184: warning #225-D: function "ROM_uDMAControlBaseSet" declared implicitly
"../SPI_uDMA_drv.c", line 197: error #20: identifier "GPIO_PF1_SSI1TX" is undefined
"../SPI_uDMA_drv.c", line 206: warning #225-D: function "ROM_SSIConfigSetExpClk" declared implicitly
"../SPI_uDMA_drv.c", line 206: warning #225-D: function "ROM_SysCtlClockGet" declared implicitly
"../SPI_uDMA_drv.c", line 213: warning #225-D: function "ROM_SSIEnable" declared implicitly
"../SPI_uDMA_drv.c", line 214: warning #225-D: function "ROM_SSIDMAEnable" declared implicitly
"../SPI_uDMA_drv.c", line 228: warning #225-D: function "ROM_uDMAChannelAttributeDisable" declared implicitly
"../SPI_uDMA_drv.c", line 246: warning #225-D: function "ROM_uDMAChannelControlSet" declared implicitly
"../SPI_uDMA_drv.c", line 257: warning #225-D: function "ROM_uDMAChannelTransferSet" declared implicitly
"../SPI_uDMA_drv.c", line 269: warning #225-D: function "ROM_IntMasterEnable" declared implicitly
"../SPI_uDMA_drv.c", line 270: warning #225-D: function "ROM_uDMAChannelEnable" declared implicitly
1 error detected in the compilation of "../SPI_uDMA_drv.c".
gmake: *** [SPI_uDMA_drv.obj] Error 1
Building file: "../uDMA_example.c"
Invoking: Arm Compiler
"C:/ti/ccs1040/ccs/tools/compiler/ti-cgt-arm_20.2.5.LTS/bin/armcl" -mv7M4 --code_state=16 --float_support=FPv4SPD16 -me --include_path="C:/sandbox/WS2812_Drv/WS2812" --include_path="C:/ti/tirtos_tivac_2_16_01_14/products/TivaWare_C_Series-2.1.1.71b" --include_path="C:/ti/ccs1040/ccs/tools/compiler/ti-cgt-arm_20.2.5.LTS/include" --define=ccs="ccs" --define=PART_TM4C1294NCPDT -g --gcc --diag_warning=225 --diag_wrap=off --display_error_number --abi=eabi --preproc_with_compile --preproc_dependency="uDMA_example.d_raw"  "../uDMA_example.c"
Finished building: "../uDMA_example.c"
 
gmake: Target 'all' not remade because of errors.

**** Build Finished ****

**** Build of configuration Debug for project WS2812 ****

"C:\\ti\\ccs1040\\ccs\\utils\\bin\\gmake" -k -j 12 all -O 
 
Building file: "../SPI_uDMA_drv.c"
Invoking: Arm Compiler
"C:/ti/ccs1040/ccs/tools/compiler/ti-cgt-arm_20.2.5.LTS/bin/armcl" -mv7M4 --code_state=16 --float_support=FPv4SPD16 -me --include_path="C:/sandbox/WS2812_Drv/WS2812" --include_path="C:/ti/tirtos_tivac_2_16_01_14/products/TivaWare_C_Series-2.1.1.71b" --include_path="C:/ti/ccs1040/ccs/tools/compiler/ti-cgt-arm_20.2.5.LTS/include" --define=ccs="ccs" --define=PART_TM4C1294NCPDT -g --gcc --diag_warning=225 --diag_wrap=off --display_error_number --abi=eabi --preproc_with_compile --preproc_dependency="SPI_uDMA_drv.d_raw"  "../SPI_uDMA_drv.c"
 
>> Compilation failure
subdir_rules.mk:9: recipe for target 'SPI_uDMA_drv.obj' failed
"../SPI_uDMA_drv.c", line 66: warning #225-D: function "ROM_SSIIntClear" declared implicitly
"../SPI_uDMA_drv.c", line 72: warning #225-D: function "ROM_uDMAChannelIsEnabled" declared implicitly
"../SPI_uDMA_drv.c", line 80: warning #225-D: function "ROM_uDMAChannelControlSet" declared implicitly
"../SPI_uDMA_drv.c", line 83: warning #225-D: function "ROM_uDMAChannelTransferSet" declared implicitly
"../SPI_uDMA_drv.c", line 99: warning #225-D: function "ROM_uDMAChannelControlSet" declared implicitly
"../SPI_uDMA_drv.c", line 102: warning #225-D: function "ROM_uDMAChannelTransferSet" declared implicitly
"../SPI_uDMA_drv.c", line 111: warning #225-D: function "ROM_uDMAChannelEnable" declared implicitly
"../SPI_uDMA_drv.c", line 130: warning #225-D: function "ROM_uDMAErrorStatusGet" declared implicitly
"../SPI_uDMA_drv.c", line 167: warning #225-D: function "ROM_SysCtlPeripheralEnable" declared implicitly
"../SPI_uDMA_drv.c", line 168: warning #225-D: function "ROM_SysCtlPeripheralSleepEnable" declared implicitly
"../SPI_uDMA_drv.c", line 174: warning #225-D: function "ROM_IntEnable" declared implicitly
"../SPI_uDMA_drv.c", line 179: warning #225-D: function "ROM_uDMAEnable" declared implicitly
"../SPI_uDMA_drv.c", line 184: warning #225-D: function "ROM_uDMAControlBaseSet" declared implicitly
"../SPI_uDMA_drv.c", line 197: error #20: identifier "GPIO_PF1_SSI1TX" is undefined
"../SPI_uDMA_drv.c", line 206: warning #225-D: function "ROM_SSIConfigSetExpClk" declared implicitly
"../SPI_uDMA_drv.c", line 206: warning #225-D: function "ROM_SysCtlClockGet" declared implicitly
"../SPI_uDMA_drv.c", line 213: warning #225-D: function "ROM_SSIEnable" declared implicitly
"../SPI_uDMA_drv.c", line 214: warning #225-D: function "ROM_SSIDMAEnable" declared implicitly
"../SPI_uDMA_drv.c", line 228: warning #225-D: function "ROM_uDMAChannelAttributeDisable" declared implicitly
"../SPI_uDMA_drv.c", line 246: warning #225-D: function "ROM_uDMAChannelControlSet" declared implicitly
"../SPI_uDMA_drv.c", line 257: warning #225-D: function "ROM_uDMAChannelTransferSet" declared implicitly
"../SPI_uDMA_drv.c", line 269: warning #225-D: function "ROM_IntMasterEnable" declared implicitly
"../SPI_uDMA_drv.c", line 270: warning #225-D: function "ROM_uDMAChannelEnable" declared implicitly
1 error detected in the compilation of "../SPI_uDMA_drv.c".
gmake: *** [SPI_uDMA_drv.obj] Error 1
gmake: Target 'all' not remade because of errors.

**** Build Finished ****

**** Build of configuration Debug for project WS2812 ****

"C:\\ti\\ccs1040\\ccs\\utils\\bin\\gmake" -k -j 12 all -O 
 
Building file: "../SPI_uDMA_drv.c"
Invoking: Arm Compiler
"C:/ti/ccs1040/ccs/tools/compiler/ti-cgt-arm_20.2.5.LTS/bin/armcl" -mv7M4 --code_state=16 --float_support=FPv4SPD16 -me --include_path="C:/sandbox/WS2812_Drv/WS2812" --include_path="C:/ti/tirtos_tivac_2_16_01_14/products/TivaWare_C_Series-2.1.1.71b" --include_path="C:/ti/ccs1040/ccs/tools/compiler/ti-cgt-arm_20.2.5.LTS/include" --define=ccs="ccs" --define=PART_TM4C1294NCPDT -g --gcc --diag_warning=225 --diag_wrap=off --display_error_number --abi=eabi --preproc_with_compile --preproc_dependency="SPI_uDMA_drv.d_raw"  "../SPI_uDMA_drv.c"
 
>> Compilation failure
subdir_rules.mk:9: recipe for target 'SPI_uDMA_drv.obj' failed
"../SPI_uDMA_drv.c", line 174: warning #225-D: function "IntEnable" declared implicitly
"../SPI_uDMA_drv.c", line 197: error #20: identifier "GPIO_PF1_SSI1TX" is undefined
"../SPI_uDMA_drv.c", line 206: warning #225-D: function "ROM_SysCtlClockGet" declared implicitly
"../SPI_uDMA_drv.c", line 269: warning #225-D: function "IntMasterEnable" declared implicitly
1 error detected in the compilation of "../SPI_uDMA_drv.c".
gmake: *** [SPI_uDMA_drv.obj] Error 1
gmake: Target 'all' not remade because of errors.

**** Build Finished ****

**** Build of configuration Debug for project WS2812 ****

"C:\\ti\\ccs1040\\ccs\\utils\\bin\\gmake" -k -j 12 all -O 
 
Building file: "../SPI_uDMA_drv.c"
Invoking: Arm Compiler
"C:/ti/ccs1040/ccs/tools/compiler/ti-cgt-arm_20.2.5.LTS/bin/armcl" -mv7M4 --code_state=16 --float_support=FPv4SPD16 -me --include_path="C:/sandbox/WS2812_Drv/WS2812" --include_path="C:/ti/tirtos_tivac_2_16_01_14/products/TivaWare_C_Series-2.1.1.71b" --include_path="C:/ti/ccs1040/ccs/tools/compiler/ti-cgt-arm_20.2.5.LTS/include" --define=ccs="ccs" --define=PART_TM4C1294NCPDT -g --gcc --diag_warning=225 --diag_wrap=off --display_error_number --abi=eabi --preproc_with_compile --preproc_dependency="SPI_uDMA_drv.d_raw"  "../SPI_uDMA_drv.c"
 
>> Compilation failure
subdir_rules.mk:9: recipe for target 'SPI_uDMA_drv.obj' failed
"../SPI_uDMA_drv.c", line 174: warning #225-D: function "IntEnable" declared implicitly
"../SPI_uDMA_drv.c", line 197: error #20: identifier "GPIO_PF1_SSI1TX" is undefined
"../SPI_uDMA_drv.c", line 206: warning #225-D: function "ROM_SysCtlClockGet" declared implicitly
"../SPI_uDMA_drv.c", line 269: warning #225-D: function "ROMIntMasterEnable" declared implicitly
1 error detected in the compilation of "../SPI_uDMA_drv.c".
gmake: *** [SPI_uDMA_drv.obj] Error 1
gmake: Target 'all' not remade because of errors.

**** Build Finished ****

**** Build of configuration Debug for project WS2812 ****

"C:\\ti\\ccs1040\\ccs\\utils\\bin\\gmake" -k -j 12 all -O 
 
Building file: "../SPI_uDMA_drv.c"
Invoking: Arm Compiler
"C:/ti/ccs1040/ccs/tools/compiler/ti-cgt-arm_20.2.5.LTS/bin/armcl" -mv7M4 --code_state=16 --float_support=FPv4SPD16 -me --include_path="C:/sandbox/WS2812_Drv/WS2812" --include_path="C:/ti/tirtos_tivac_2_16_01_14/products/TivaWare_C_Series-2.1.1.71b" --include_path="C:/ti/ccs1040/ccs/tools/compiler/ti-cgt-arm_20.2.5.LTS/include" --define=ccs="ccs" --define=PART_TM4C1294NCPDT -g --gcc --diag_warning=225 --diag_wrap=off --display_error_number --abi=eabi --preproc_with_compile --preproc_dependency="SPI_uDMA_drv.d_raw"  "../SPI_uDMA_drv.c"
 
>> Compilation failure
subdir_rules.mk:9: recipe for target 'SPI_uDMA_drv.obj' failed
"../SPI_uDMA_drv.c", line 198: error #20: identifier "GPIO_PF1_SSI1TX" is undefined
"../SPI_uDMA_drv.c", line 207: warning #225-D: function "ROM_SysCtlClockGet" declared implicitly
1 error detected in the compilation of "../SPI_uDMA_drv.c".
gmake: *** [SPI_uDMA_drv.obj] Error 1
gmake: Target 'all' not remade because of errors.

**** Build Finished ****

**** Build of configuration Debug for project WS2812 ****

"C:\\ti\\ccs1040\\ccs\\utils\\bin\\gmake" -k -j 12 all -O 
 
Building file: "../SPI_uDMA_drv.c"
Invoking: Arm Compiler
"C:/ti/ccs1040/ccs/tools/compiler/ti-cgt-arm_20.2.5.LTS/bin/armcl" -mv7M4 --code_state=16 --float_support=FPv4SPD16 -me --include_path="C:/sandbox/WS2812_Drv/WS2812" --include_path="C:/ti/tirtos_tivac_2_16_01_14/products/TivaWare_C_Series-2.1.1.71b" --include_path="C:/ti/ccs1040/ccs/tools/compiler/ti-cgt-arm_20.2.5.LTS/include" --define=ccs="ccs" --define=PART_TM4C1294NCPDT -g --gcc --diag_warning=225 --diag_wrap=off --display_error_number --abi=eabi --preproc_with_compile --preproc_dependency="SPI_uDMA_drv.d_raw"  "../SPI_uDMA_drv.c"
 
>> Compilation failure
subdir_rules.mk:9: recipe for target 'SPI_uDMA_drv.obj' failed
"../SPI_uDMA_drv.c", line 198: error #20: identifier "GPIO_PF1_SSI1TX" is undefined
1 error detected in the compilation of "../SPI_uDMA_drv.c".
gmake: *** [SPI_uDMA_drv.obj] Error 1
gmake: Target 'all' not remade because of errors.

**** Build Finished ****

**** Build of configuration Debug for project WS2812 ****

"C:\\ti\\ccs1040\\ccs\\utils\\bin\\gmake" -k -j 12 all -O 
 
Building file: "../SPI_uDMA_drv.c"
Invoking: Arm Compiler
"C:/ti/ccs1040/ccs/tools/compiler/ti-cgt-arm_20.2.5.LTS/bin/armcl" -mv7M4 --code_state=16 --float_support=FPv4SPD16 -me --include_path="C:/sandbox/WS2812_Drv/WS2812" --include_path="C:/ti/tirtos_tivac_2_16_01_14/products/TivaWare_C_Series-2.1.1.71b" --include_path="C:/ti/ccs1040/ccs/tools/compiler/ti-cgt-arm_20.2.5.LTS/include" --define=ccs="ccs" --define=PART_TM4C1294NCPDT -g --gcc --diag_warning=225 --diag_wrap=off --display_error_number --abi=eabi --preproc_with_compile --preproc_dependency="SPI_uDMA_drv.d_raw"  "../SPI_uDMA_drv.c"
Finished building: "../SPI_uDMA_drv.c"
 
Building target: "WS2812.out"
Invoking: Arm Linker
"C:/ti/ccs1040/ccs/tools/compiler/ti-cgt-arm_20.2.5.LTS/bin/armcl" -mv7M4 --code_state=16 --float_support=FPv4SPD16 -me --define=ccs="ccs" --define=PART_TM4C1294NCPDT -g --gcc --diag_warning=225 --diag_wrap=off --display_error_number --abi=eabi -z -m"WS2812.map" --heap_size=0 --stack_size=512 -i"C:/ti/ccs1040/ccs/tools/compiler/ti-cgt-arm_20.2.5.LTS/lib" -i"C:/ti/ccs1040/ccs/tools/compiler/ti-cgt-arm_20.2.5.LTS/include" --reread_libs --diag_wrap=off --display_error_number --warn_sections --xml_link_info="WS2812_linkInfo.xml" --rom_model -o "WS2812.out" "./SPI_uDMA_drv.obj" "./WS2812_drv.obj" "./main.obj" "./samplePatterns.obj" "./startup_ccs.obj" "./uDMA_example.obj" "../tm4c1294ncpdt.cmd"  -llibc.a 
<Linking>
error #10056: symbol "main" redefined: first defined in "./main.obj"; redefined in "./uDMA_example.obj"
 
 undefined                   first referenced  
  symbol                         in file       
 ---------                   ----------------  
 GPIOPinConfigure            ./SPI_uDMA_drv.obj
 GPIOPinTypeSSI              ./SPI_uDMA_drv.obj
 IntEnable                   ./SPI_uDMA_drv.obj
 IntMasterEnable             ./SPI_uDMA_drv.obj
 SSIConfigSetExpClk          ./SPI_uDMA_drv.obj
 SSIDMAEnable                ./SPI_uDMA_drv.obj
 SSIEnable                   ./SPI_uDMA_drv.obj
 SSIIntClear                 ./SPI_uDMA_drv.obj
 SSIIntStatus                ./SPI_uDMA_drv.obj
 SysCtlClockGet              ./SPI_uDMA_drv.obj
 SysCtlPeripheralEnable      ./SPI_uDMA_drv.obj
 SysCtlPeripheralSleepEnable ./SPI_uDMA_drv.obj
 uDMAChannelAttributeDisable ./SPI_uDMA_drv.obj
 uDMAChannelControlSet       ./SPI_uDMA_drv.obj
 uDMAChannelEnable           ./SPI_uDMA_drv.obj
 uDMAChannelIsEnabled        ./SPI_uDMA_drv.obj
 uDMAChannelTransferSet      ./SPI_uDMA_drv.obj
 uDMAControlBaseSet          ./SPI_uDMA_drv.obj
 uDMAEnable                  ./SPI_uDMA_drv.obj
 uDMAErrorStatusClear        ./SPI_uDMA_drv.obj
 uDMAErrorStatusGet          ./SPI_uDMA_drv.obj
 
error #10234-D: unresolved symbols remain
error #10010: errors encountered during linking; "WS2812.out" not built
 
>> Compilation failure
makefile:146: recipe for target 'WS2812.out' failed
gmake[1]: *** [WS2812.out] Error 1
makefile:142: recipe for target 'all' failed
gmake: *** [all] Error 2

**** Build Finished ****

**** Build of configuration Debug for project WS2812 ****

"C:\\ti\\ccs1040\\ccs\\utils\\bin\\gmake" -k -j 12 all -O 
 
Building target: "WS2812.out"
Invoking: Arm Linker
"C:/ti/ccs1040/ccs/tools/compiler/ti-cgt-arm_20.2.5.LTS/bin/armcl" -mv7M4 --code_state=16 --float_support=FPv4SPD16 -me --define=ccs="ccs" --define=PART_TM4C1294NCPDT -g --gcc --diag_warning=225 --diag_wrap=off --display_error_number --abi=eabi -z -m"WS2812.map" --heap_size=0 --stack_size=512 -i"C:/ti/ccs1040/ccs/tools/compiler/ti-cgt-arm_20.2.5.LTS/lib" -i"C:/ti/ccs1040/ccs/tools/compiler/ti-cgt-arm_20.2.5.LTS/include" --reread_libs --diag_wrap=off --display_error_number --warn_sections --xml_link_info="WS2812_linkInfo.xml" --rom_model -o "WS2812.out" "./SPI_uDMA_drv.obj" "./WS2812_drv.obj" "./main.obj" "./samplePatterns.obj" "./startup_ccs.obj" "./uDMA_example.obj" "../tm4c1294ncpdt.cmd"  -llibc.a -l"C:/ti/tirtos_tivac_2_16_01_14/products/TivaWare_C_Series-2.1.1.71b/driverlib/ccs/Debug/driverlib.lib" 
<Linking>
error #10056: symbol "main" redefined: first defined in "./main.obj"; redefined in "./uDMA_example.obj"
error #10010: errors encountered during linking; "WS2812.out" not built
 
>> Compilation failure
makefile:147: recipe for target 'WS2812.out' failed
gmake[1]: *** [WS2812.out] Error 1
makefile:143: recipe for target 'all' failed
gmake: *** [all] Error 2

**** Build Finished ****

**** Build of configuration Debug for project WS2812 ****

"C:\\ti\\ccs1040\\ccs\\utils\\bin\\gmake" -k -j 12 all -O 
 
Building target: "WS2812.out"
Invoking: Arm Linker
"C:/ti/ccs1040/ccs/tools/compiler/ti-cgt-arm_20.2.5.LTS/bin/armcl" -mv7M4 --code_state=16 --float_support=FPv4SPD16 -me --define=ccs="ccs" --define=PART_TM4C1294NCPDT -g --gcc --diag_warning=225 --diag_wrap=off --display_error_number --abi=eabi -z -m"WS2812.map" --heap_size=0 --stack_size=512 -i"C:/ti/ccs1040/ccs/tools/compiler/ti-cgt-arm_20.2.5.LTS/lib" -i"C:/ti/ccs1040/ccs/tools/compiler/ti-cgt-arm_20.2.5.LTS/include" --reread_libs --diag_wrap=off --display_error_number --warn_sections --xml_link_info="WS2812_linkInfo.xml" --rom_model -o "WS2812.out" "./SPI_uDMA_drv.obj" "./WS2812_drv.obj" "./samplePatterns.obj" "./startup_ccs.obj" "./uDMA_example.obj" "../tm4c1294ncpdt.cmd"  -llibc.a -l"C:/ti/tirtos_tivac_2_16_01_14/products/TivaWare_C_Series-2.1.1.71b/driverlib/ccs/Debug/driverlib.lib" 
<Linking>
 
 undefined       first referenced  
  symbol             in file       
 ---------       ----------------  
 UARTStdioConfig ./uDMA_example.obj
 UARTprintf      ./uDMA_example.obj
 
error #10234-D: unresolved symbols remain
error #10010: errors encountered during linking; "WS2812.out" not built
 
>> Compilation failure
makefile:146: recipe for target 'WS2812.out' failed
gmake[1]: *** [WS2812.out] Error 1
makefile:142: recipe for target 'all' failed
gmake: *** [all] Error 2

**** Build Finished ****

**** Build of configuration Debug for project WS2812 ****

"C:\\ti\\ccs1040\\ccs\\utils\\bin\\gmake" -k -j 12 all -O 
 
Building file: "../uDMA_example.c"
Invoking: Arm Compiler
"C:/ti/ccs1040/ccs/tools/compiler/ti-cgt-arm_20.2.5.LTS/bin/armcl" -mv7M4 --code_state=16 --float_support=FPv4SPD16 -me --include_path="C:/sandbox/WS2812_Drv/WS2812" --include_path="C:/ti/tirtos_tivac_2_16_01_14/products/TivaWare_C_Series-2.1.1.71b" --include_path="C:/ti/ccs1040/ccs/tools/compiler/ti-cgt-arm_20.2.5.LTS/include" --define=ccs="ccs" --define=PART_TM4C1294NCPDT -g --gcc --diag_warning=225 --diag_wrap=off --display_error_number --abi=eabi --preproc_with_compile --preproc_dependency="uDMA_example.d_raw"  "../uDMA_example.c"
Finished building: "../uDMA_example.c"
 
Building target: "WS2812.out"
Invoking: Arm Linker
"C:/ti/ccs1040/ccs/tools/compiler/ti-cgt-arm_20.2.5.LTS/bin/armcl" -mv7M4 --code_state=16 --float_support=FPv4SPD16 -me --define=ccs="ccs" --define=PART_TM4C1294NCPDT -g --gcc --diag_warning=225 --diag_wrap=off --display_error_number --abi=eabi -z -m"WS2812.map" --heap_size=0 --stack_size=512 -i"C:/ti/ccs1040/ccs/tools/compiler/ti-cgt-arm_20.2.5.LTS/lib" -i"C:/ti/ccs1040/ccs/tools/compiler/ti-cgt-arm_20.2.5.LTS/include" --reread_libs --diag_wrap=off --display_error_number --warn_sections --xml_link_info="WS2812_linkInfo.xml" --rom_model -o "WS2812.out" "./SPI_uDMA_drv.obj" "./WS2812_drv.obj" "./samplePatterns.obj" "./startup_ccs.obj" "./uDMA_example.obj" "../tm4c1294ncpdt.cmd"  -llibc.a -l"C:/ti/tirtos_tivac_2_16_01_14/products/TivaWare_C_Series-2.1.1.71b/driverlib/ccs/Debug/driverlib.lib" 
<Linking>
Finished building target: "WS2812.out"
 

**** Build Finished ****

**** Build of configuration Debug for project WS2812 ****

"C:\\ti\\ccs1040\\ccs\\utils\\bin\\gmake" -k -j 12 all -O 
 
gmake[1]: 'WS2812.out' is up to date.

**** Build Finished ****

**** Build of configuration Debug for project WS2812 ****

"C:\\ti\\ccs1040\\ccs\\utils\\bin\\gmake" -k -j 12 all -O 
 
gmake[1]: 'WS2812.out' is up to date.

**** Build Finished ****

**** Build of configuration Debug for project WS2812 ****

"C:\\ti\\ccs1040\\ccs\\utils\\bin\\gmake" -k -j 12 all -O 
 
Building file: "../SPI_uDMA_drv.c"
Invoking: Arm Compiler
"C:/ti/ccs1040/ccs/tools/compiler/ti-cgt-arm_20.2.5.LTS/bin/armcl" -mv7M4 --code_state=16 --float_support=FPv4SPD16 -me --include_path="C:/sandbox/WS2812_Drv/WS2812" --include_path="C:/ti/tirtos_tivac_2_16_01_14/products/TivaWare_C_Series-2.1.1.71b" --include_path="C:/ti/ccs1040/ccs/tools/compiler/ti-cgt-arm_20.2.5.LTS/include" --define=ccs="ccs" --define=CLASS_IS_TM4C129 --define=PART_TM4C1294NCPDT -g --gcc --diag_warning=225 --diag_wrap=off --display_error_number --abi=eabi --preproc_with_compile --preproc_dependency="SPI_uDMA_drv.d_raw"  "../SPI_uDMA_drv.c"
Finished building: "../SPI_uDMA_drv.c"
 
Building file: "../startup_ccs.c"
Invoking: Arm Compiler
"C:/ti/ccs1040/ccs/tools/compiler/ti-cgt-arm_20.2.5.LTS/bin/armcl" -mv7M4 --code_state=16 --float_support=FPv4SPD16 -me --include_path="C:/sandbox/WS2812_Drv/WS2812" --include_path="C:/ti/tirtos_tivac_2_16_01_14/products/TivaWare_C_Series-2.1.1.71b" --include_path="C:/ti/ccs1040/ccs/tools/compiler/ti-cgt-arm_20.2.5.LTS/include" --define=ccs="ccs" --define=CLASS_IS_TM4C129 --define=PART_TM4C1294NCPDT -g --gcc --diag_warning=225 --diag_wrap=off --display_error_number --abi=eabi --preproc_with_compile --preproc_dependency="startup_ccs.d_raw"  "../startup_ccs.c"
Finished building: "../startup_ccs.c"
 
Building file: "../WS2812_drv.c"
Invoking: Arm Compiler
"C:/ti/ccs1040/ccs/tools/compiler/ti-cgt-arm_20.2.5.LTS/bin/armcl" -mv7M4 --code_state=16 --float_support=FPv4SPD16 -me --include_path="C:/sandbox/WS2812_Drv/WS2812" --include_path="C:/ti/tirtos_tivac_2_16_01_14/products/TivaWare_C_Series-2.1.1.71b" --include_path="C:/ti/ccs1040/ccs/tools/compiler/ti-cgt-arm_20.2.5.LTS/include" --define=ccs="ccs" --define=CLASS_IS_TM4C129 --define=PART_TM4C1294NCPDT -g --gcc --diag_warning=225 --diag_wrap=off --display_error_number --abi=eabi --preproc_with_compile --preproc_dependency="WS2812_drv.d_raw"  "../WS2812_drv.c"
Finished building: "../WS2812_drv.c"
 
Building file: "../samplePatterns.c"
Invoking: Arm Compiler
"C:/ti/ccs1040/ccs/tools/compiler/ti-cgt-arm_20.2.5.LTS/bin/armcl" -mv7M4 --code_state=16 --float_support=FPv4SPD16 -me --include_path="C:/sandbox/WS2812_Drv/WS2812" --include_path="C:/ti/tirtos_tivac_2_16_01_14/products/TivaWare_C_Series-2.1.1.71b" --include_path="C:/ti/ccs1040/ccs/tools/compiler/ti-cgt-arm_20.2.5.LTS/include" --define=ccs="ccs" --define=CLASS_IS_TM4C129 --define=PART_TM4C1294NCPDT -g --gcc --diag_warning=225 --diag_wrap=off --display_error_number --abi=eabi --preproc_with_compile --preproc_dependency="samplePatterns.d_raw"  "../samplePatterns.c"
Finished building: "../samplePatterns.c"
 
Building file: "../uDMA_example.c"
Invoking: Arm Compiler
"C:/ti/ccs1040/ccs/tools/compiler/ti-cgt-arm_20.2.5.LTS/bin/armcl" -mv7M4 --code_state=16 --float_support=FPv4SPD16 -me --include_path="C:/sandbox/WS2812_Drv/WS2812" --include_path="C:/ti/tirtos_tivac_2_16_01_14/products/TivaWare_C_Series-2.1.1.71b" --include_path="C:/ti/ccs1040/ccs/tools/compiler/ti-cgt-arm_20.2.5.LTS/include" --define=ccs="ccs" --define=CLASS_IS_TM4C129 --define=PART_TM4C1294NCPDT -g --gcc --diag_warning=225 --diag_wrap=off --display_error_number --abi=eabi --preproc_with_compile --preproc_dependency="uDMA_example.d_raw"  "../uDMA_example.c"
Finished building: "../uDMA_example.c"
 
Building target: "WS2812.out"
Invoking: Arm Linker
"C:/ti/ccs1040/ccs/tools/compiler/ti-cgt-arm_20.2.5.LTS/bin/armcl" -mv7M4 --code_state=16 --float_support=FPv4SPD16 -me --define=ccs="ccs" --define=CLASS_IS_TM4C129 --define=PART_TM4C1294NCPDT -g --gcc --diag_warning=225 --diag_wrap=off --display_error_number --abi=eabi -z -m"WS2812.map" --heap_size=0 --stack_size=512 -i"C:/ti/ccs1040/ccs/tools/compiler/ti-cgt-arm_20.2.5.LTS/lib" -i"C:/ti/ccs1040/ccs/tools/compiler/ti-cgt-arm_20.2.5.LTS/include" --reread_libs --diag_wrap=off --display_error_number --warn_sections --xml_link_info="WS2812_linkInfo.xml" --rom_model -o "WS2812.out" "./SPI_uDMA_drv.obj" "./WS2812_drv.obj" "./samplePatterns.obj" "./startup_ccs.obj" "./uDMA_example.obj" "../tm4c1294ncpdt.cmd"  -llibc.a -l"C:/ti/tirtos_tivac_2_16_01_14/products/TivaWare_C_Series-2.1.1.71b/driverlib/ccs/Debug/driverlib.lib" 
<Linking>
Finished building target: "WS2812.out"
 

**** Build Finished ****

**** Build of configuration Debug for project WS2812 ****

"C:\\ti\\ccs1040\\ccs\\utils\\bin\\gmake" -k -j 12 all -O 
 
gmake[1]: 'WS2812.out' is up to date.

**** Build Finished ****

**** Build of configuration Debug for project WS2812 ****

"C:\\ti\\ccs1040\\ccs\\utils\\bin\\gmake" -k -j 12 all -O 
 
Building file: "../uDMA_example.c"
Invoking: Arm Compiler
"C:/ti/ccs1040/ccs/tools/compiler/ti-cgt-arm_20.2.5.LTS/bin/armcl" -mv7M4 --code_state=16 --float_support=FPv4SPD16 -me --include_path="C:/sandbox/WS2812_Drv/WS2812" --include_path="C:/ti/tirtos_tivac_2_16_01_14/products/TivaWare_C_Series-2.1.1.71b" --include_path="C:/ti/ccs1040/ccs/tools/compiler/ti-cgt-arm_20.2.5.LTS/include" --define=ccs="ccs" --define=CLASS_IS_TM4C129 --define=PART_TM4C1294NCPDT -g --gcc --diag_warning=225 --diag_wrap=off --display_error_number --abi=eabi --preproc_with_compile --preproc_dependency="uDMA_example.d_raw"  "../uDMA_example.c"
 
>> Compilation failure
subdir_rules.mk:9: recipe for target 'uDMA_example.obj' failed
"../uDMA_example.c", line 23: error #20: identifier "unt32_t" is undefined
"../uDMA_example.c", line 68: error #167: too few arguments in function call
2 errors detected in the compilation of "../uDMA_example.c".
gmake: *** [uDMA_example.obj] Error 1
Building file: "../SPI_uDMA_drv.c"
Invoking: Arm Compiler
"C:/ti/ccs1040/ccs/tools/compiler/ti-cgt-arm_20.2.5.LTS/bin/armcl" -mv7M4 --code_state=16 --float_support=FPv4SPD16 -me --include_path="C:/sandbox/WS2812_Drv/WS2812" --include_path="C:/ti/tirtos_tivac_2_16_01_14/products/TivaWare_C_Series-2.1.1.71b" --include_path="C:/ti/ccs1040/ccs/tools/compiler/ti-cgt-arm_20.2.5.LTS/include" --define=ccs="ccs" --define=CLASS_IS_TM4C129 --define=PART_TM4C1294NCPDT -g --gcc --diag_warning=225 --diag_wrap=off --display_error_number --abi=eabi --preproc_with_compile --preproc_dependency="SPI_uDMA_drv.d_raw"  "../SPI_uDMA_drv.c"
Finished building: "../SPI_uDMA_drv.c"
 
gmake: Target 'all' not remade because of errors.

**** Build Finished ****

**** Build of configuration Debug for project WS2812 ****

"C:\\ti\\ccs1040\\ccs\\utils\\bin\\gmake" -k -j 12 all -O 
 
Building file: "../uDMA_example.c"
Invoking: Arm Compiler
"C:/ti/ccs1040/ccs/tools/compiler/ti-cgt-arm_20.2.5.LTS/bin/armcl" -mv7M4 --code_state=16 --float_support=FPv4SPD16 -me --include_path="C:/sandbox/WS2812_Drv/WS2812" --include_path="C:/ti/tirtos_tivac_2_16_01_14/products/TivaWare_C_Series-2.1.1.71b" --include_path="C:/ti/ccs1040/ccs/tools/compiler/ti-cgt-arm_20.2.5.LTS/include" --define=ccs="ccs" --define=CLASS_IS_TM4C129 --define=PART_TM4C1294NCPDT -g --gcc --diag_warning=225 --diag_wrap=off --display_error_number --abi=eabi --preproc_with_compile --preproc_dependency="uDMA_example.d_raw"  "../uDMA_example.c"
 
>> Compilation failure
subdir_rules.mk:9: recipe for target 'uDMA_example.obj' failed
"../uDMA_example.c", line 23: error #20: identifier "unt32_t" is undefined
1 error detected in the compilation of "../uDMA_example.c".
gmake: *** [uDMA_example.obj] Error 1
gmake: Target 'all' not remade because of errors.

**** Build Finished ****

**** Build of configuration Debug for project WS2812 ****

"C:\\ti\\ccs1040\\ccs\\utils\\bin\\gmake" -k -j 12 all -O 
 
Building file: "../uDMA_example.c"
Invoking: Arm Compiler
"C:/ti/ccs1040/ccs/tools/compiler/ti-cgt-arm_20.2.5.LTS/bin/armcl" -mv7M4 --code_state=16 --float_support=FPv4SPD16 -me --include_path="C:/sandbox/WS2812_Drv/WS2812" --include_path="C:/ti/tirtos_tivac_2_16_01_14/products/TivaWare_C_Series-2.1.1.71b" --include_path="C:/ti/ccs1040/ccs/tools/compiler/ti-cgt-arm_20.2.5.LTS/include" --define=ccs="ccs" --define=CLASS_IS_TM4C129 --define=PART_TM4C1294NCPDT -g --gcc --diag_warning=225 --diag_wrap=off --display_error_number --abi=eabi --preproc_with_compile --preproc_dependency="uDMA_example.d_raw"  "../uDMA_example.c"
Finished building: "../uDMA_example.c"
 
Building target: "WS2812.out"
Invoking: Arm Linker
"C:/ti/ccs1040/ccs/tools/compiler/ti-cgt-arm_20.2.5.LTS/bin/armcl" -mv7M4 --code_state=16 --float_support=FPv4SPD16 -me --define=ccs="ccs" --define=CLASS_IS_TM4C129 --define=PART_TM4C1294NCPDT -g --gcc --diag_warning=225 --diag_wrap=off --display_error_number --abi=eabi -z -m"WS2812.map" --heap_size=0 --stack_size=512 -i"C:/ti/ccs1040/ccs/tools/compiler/ti-cgt-arm_20.2.5.LTS/lib" -i"C:/ti/ccs1040/ccs/tools/compiler/ti-cgt-arm_20.2.5.LTS/include" --reread_libs --diag_wrap=off --display_error_number --warn_sections --xml_link_info="WS2812_linkInfo.xml" --rom_model -o "WS2812.out" "./SPI_uDMA_drv.obj" "./WS2812_drv.obj" "./samplePatterns.obj" "./startup_ccs.obj" "./uDMA_example.obj" "../tm4c1294ncpdt.cmd"  -llibc.a -l"C:/ti/tirtos_tivac_2_16_01_14/products/TivaWare_C_Series-2.1.1.71b/driverlib/ccs/Debug/driverlib.lib" 
<Linking>
Finished building target: "WS2812.out"
 

**** Build Finished ****

**** Build of configuration Debug for project WS2812 ****

"C:\\ti\\ccs1040\\ccs\\utils\\bin\\gmake" -k -j 12 all -O 
 
gmake[1]: 'WS2812.out' is up to date.

**** Build Finished ****

**** Build of configuration Debug for project WS2812 ****

"C:\\ti\\ccs1040\\ccs\\utils\\bin\\gmake" -k -j 12 all -O 
 
gmake[1]: 'WS2812.out' is up to date.

**** Build Finished ****

**** Build of configuration Debug for project WS2812 ****

"C:\\ti\\ccs1040\\ccs\\utils\\bin\\gmake" -k -j 12 all -O 
 
Building file: "../uDMA_example.c"
Invoking: Arm Compiler
"C:/ti/ccs1040/ccs/tools/compiler/ti-cgt-arm_20.2.5.LTS/bin/armcl" -mv7M4 --code_state=16 --float_support=FPv4SPD16 -me --include_path="C:/sandbox/WS2812_Drv/WS2812" --include_path="C:/ti/tirtos_tivac_2_16_01_14/products/TivaWare_C_Series-2.1.1.71b" --include_path="C:/ti/ccs1040/ccs/tools/compiler/ti-cgt-arm_20.2.5.LTS/include" --define=ccs="ccs" --define=CLASS_IS_TM4C129 --define=PART_TM4C1294NCPDT -g --gcc --diag_warning=225 --diag_wrap=off --display_error_number --abi=eabi --preproc_with_compile --preproc_dependency="uDMA_example.d_raw"  "../uDMA_example.c"
"../uDMA_example.c", line 67: warning #225-D: function "MAP_SysCtlClockFreqSet" declared implicitly
Finished building: "../uDMA_example.c"
 
Building target: "WS2812.out"
Invoking: Arm Linker
"C:/ti/ccs1040/ccs/tools/compiler/ti-cgt-arm_20.2.5.LTS/bin/armcl" -mv7M4 --code_state=16 --float_support=FPv4SPD16 -me --define=ccs="ccs" --define=CLASS_IS_TM4C129 --define=PART_TM4C1294NCPDT -g --gcc --diag_warning=225 --diag_wrap=off --display_error_number --abi=eabi -z -m"WS2812.map" --heap_size=0 --stack_size=512 -i"C:/ti/ccs1040/ccs/tools/compiler/ti-cgt-arm_20.2.5.LTS/lib" -i"C:/ti/ccs1040/ccs/tools/compiler/ti-cgt-arm_20.2.5.LTS/include" --reread_libs --diag_wrap=off --display_error_number --warn_sections --xml_link_info="WS2812_linkInfo.xml" --rom_model -o "WS2812.out" "./SPI_uDMA_drv.obj" "./WS2812_drv.obj" "./samplePatterns.obj" "./startup_ccs.obj" "./uDMA_example.obj" "../tm4c1294ncpdt.cmd"  -llibc.a -l"C:/ti/tirtos_tivac_2_16_01_14/products/TivaWare_C_Series-2.1.1.71b/driverlib/ccs/Debug/driverlib.lib" 
<Linking>
 
 undefined              first referenced  
  symbol                    in file       
 ---------              ----------------  
 MAP_SysCtlClockFreqSet ./uDMA_example.obj
 
error #10234-D: unresolved symbols remain
error #10010: errors encountered during linking; "WS2812.out" not built
 
>> Compilation failure
makefile:146: recipe for target 'WS2812.out' failed
gmake[1]: *** [WS2812.out] Error 1
makefile:142: recipe for target 'all' failed
gmake: *** [all] Error 2

**** Build Finished ****

**** Build of configuration Debug for project WS2812 ****

"C:\\ti\\ccs1040\\ccs\\utils\\bin\\gmake" -k -j 12 all -O 
 
Building file: "../uDMA_example.c"
Invoking: Arm Compiler
"C:/ti/ccs1040/ccs/tools/compiler/ti-cgt-arm_20.2.5.LTS/bin/armcl" -mv7M4 --code_state=16 --float_support=FPv4SPD16 -me --include_path="C:/sandbox/WS2812_Drv/WS2812" --include_path="C:/ti/tirtos_tivac_2_16_01_14/products/TivaWare_C_Series-2.1.1.71b" --include_path="C:/ti/ccs1040/ccs/tools/compiler/ti-cgt-arm_20.2.5.LTS/include" --define=ccs="ccs" --define=CLASS_IS_TM4C129 --define=PART_TM4C1294NCPDT -g --gcc --diag_warning=225 --diag_wrap=off --display_error_number --abi=eabi --preproc_with_compile --preproc_dependency="uDMA_example.d_raw"  "../uDMA_example.c"
Finished building: "../uDMA_example.c"
 
Building target: "WS2812.out"
Invoking: Arm Linker
"C:/ti/ccs1040/ccs/tools/compiler/ti-cgt-arm_20.2.5.LTS/bin/armcl" -mv7M4 --code_state=16 --float_support=FPv4SPD16 -me --define=ccs="ccs" --define=CLASS_IS_TM4C129 --define=PART_TM4C1294NCPDT -g --gcc --diag_warning=225 --diag_wrap=off --display_error_number --abi=eabi -z -m"WS2812.map" --heap_size=0 --stack_size=512 -i"C:/ti/ccs1040/ccs/tools/compiler/ti-cgt-arm_20.2.5.LTS/lib" -i"C:/ti/ccs1040/ccs/tools/compiler/ti-cgt-arm_20.2.5.LTS/include" --reread_libs --diag_wrap=off --display_error_number --warn_sections --xml_link_info="WS2812_linkInfo.xml" --rom_model -o "WS2812.out" "./SPI_uDMA_drv.obj" "./WS2812_drv.obj" "./samplePatterns.obj" "./startup_ccs.obj" "./uDMA_example.obj" "../tm4c1294ncpdt.cmd"  -llibc.a -l"C:/ti/tirtos_tivac_2_16_01_14/products/TivaWare_C_Series-2.1.1.71b/driverlib/ccs/Debug/driverlib.lib" 
<Linking>
Finished building target: "WS2812.out"
 

**** Build Finished ****

**** Build of configuration Debug for project WS2812 ****

"C:\\ti\\ccs1040\\ccs\\utils\\bin\\gmake" -k -j 12 all -O 
 
gmake[1]: 'WS2812.out' is up to date.

**** Build Finished ****

**** Clean-only build of configuration Debug for project WS2812 ****

"C:\\ti\\ccs1040\\ccs\\utils\\bin\\gmake" -k -j 12 clean -O 
 
DEL /F  "WS2812.hex"  "WS2812.out" 
DEL /F "SPI_uDMA_drv.obj" "WS2812_drv.obj" "samplePatterns.obj" "startup_ccs.obj" "uDMA_example.obj" 
DEL /F "SPI_uDMA_drv.d" "WS2812_drv.d" "samplePatterns.d" "startup_ccs.d" "uDMA_example.d" 
Finished clean
 

**** Build Finished ****

**** Build of configuration Debug for project WS2812 ****

"C:\\ti\\ccs1040\\ccs\\utils\\bin\\gmake" -k -j 12 all -O 
 
Building file: "../tm4c1294ncpdt_startup_ccs.c"
Invoking: Arm Compiler
"C:/ti/ccs1040/ccs/tools/compiler/ti-cgt-arm_20.2.5.LTS/bin/armcl" -mv7M4 --code_state=16 --float_support=FPv4SPD16 -me --include_path="C:/sandbox/WS2812_Drv/WS2812" --include_path="C:/ti/tirtos_tivac_2_16_01_14/products/TivaWare_C_Series-2.1.1.71b" --include_path="C:/ti/ccs1040/ccs/tools/compiler/ti-cgt-arm_20.2.5.LTS/include" --define=ccs="ccs" --define=CLASS_IS_TM4C129 --define=PART_TM4C1294NCPDT -g --gcc --diag_warning=225 --diag_wrap=off --display_error_number --abi=eabi --preproc_with_compile --preproc_dependency="tm4c1294ncpdt_startup_ccs.d_raw"  "../tm4c1294ncpdt_startup_ccs.c"
 
>> Compilation failure
subdir_rules.mk:9: recipe for target 'tm4c1294ncpdt_startup_ccs.obj' failed
"../tm4c1294ncpdt_startup_ccs.c", line 120: error #20: identifier "SSI1IntHandler" is undefined
1 error detected in the compilation of "../tm4c1294ncpdt_startup_ccs.c".
gmake: *** [tm4c1294ncpdt_startup_ccs.obj] Error 1
Building file: "../SPI_uDMA_drv.c"
Invoking: Arm Compiler
"C:/ti/ccs1040/ccs/tools/compiler/ti-cgt-arm_20.2.5.LTS/bin/armcl" -mv7M4 --code_state=16 --float_support=FPv4SPD16 -me --include_path="C:/sandbox/WS2812_Drv/WS2812" --include_path="C:/ti/tirtos_tivac_2_16_01_14/products/TivaWare_C_Series-2.1.1.71b" --include_path="C:/ti/ccs1040/ccs/tools/compiler/ti-cgt-arm_20.2.5.LTS/include" --define=ccs="ccs" --define=CLASS_IS_TM4C129 --define=PART_TM4C1294NCPDT -g --gcc --diag_warning=225 --diag_wrap=off --display_error_number --abi=eabi --preproc_with_compile --preproc_dependency="SPI_uDMA_drv.d_raw"  "../SPI_uDMA_drv.c"
Finished building: "../SPI_uDMA_drv.c"
 
Building file: "../WS2812_drv.c"
Invoking: Arm Compiler
"C:/ti/ccs1040/ccs/tools/compiler/ti-cgt-arm_20.2.5.LTS/bin/armcl" -mv7M4 --code_state=16 --float_support=FPv4SPD16 -me --include_path="C:/sandbox/WS2812_Drv/WS2812" --include_path="C:/ti/tirtos_tivac_2_16_01_14/products/TivaWare_C_Series-2.1.1.71b" --include_path="C:/ti/ccs1040/ccs/tools/compiler/ti-cgt-arm_20.2.5.LTS/include" --define=ccs="ccs" --define=CLASS_IS_TM4C129 --define=PART_TM4C1294NCPDT -g --gcc --diag_warning=225 --diag_wrap=off --display_error_number --abi=eabi --preproc_with_compile --preproc_dependency="WS2812_drv.d_raw"  "../WS2812_drv.c"
Finished building: "../WS2812_drv.c"
 
Building file: "../samplePatterns.c"
Invoking: Arm Compiler
"C:/ti/ccs1040/ccs/tools/compiler/ti-cgt-arm_20.2.5.LTS/bin/armcl" -mv7M4 --code_state=16 --float_support=FPv4SPD16 -me --include_path="C:/sandbox/WS2812_Drv/WS2812" --include_path="C:/ti/tirtos_tivac_2_16_01_14/products/TivaWare_C_Series-2.1.1.71b" --include_path="C:/ti/ccs1040/ccs/tools/compiler/ti-cgt-arm_20.2.5.LTS/include" --define=ccs="ccs" --define=CLASS_IS_TM4C129 --define=PART_TM4C1294NCPDT -g --gcc --diag_warning=225 --diag_wrap=off --display_error_number --abi=eabi --preproc_with_compile --preproc_dependency="samplePatterns.d_raw"  "../samplePatterns.c"
Finished building: "../samplePatterns.c"
 
Building file: "../uDMA_example.c"
Invoking: Arm Compiler
"C:/ti/ccs1040/ccs/tools/compiler/ti-cgt-arm_20.2.5.LTS/bin/armcl" -mv7M4 --code_state=16 --float_support=FPv4SPD16 -me --include_path="C:/sandbox/WS2812_Drv/WS2812" --include_path="C:/ti/tirtos_tivac_2_16_01_14/products/TivaWare_C_Series-2.1.1.71b" --include_path="C:/ti/ccs1040/ccs/tools/compiler/ti-cgt-arm_20.2.5.LTS/include" --define=ccs="ccs" --define=CLASS_IS_TM4C129 --define=PART_TM4C1294NCPDT -g --gcc --diag_warning=225 --diag_wrap=off --display_error_number --abi=eabi --preproc_with_compile --preproc_dependency="uDMA_example.d_raw"  "../uDMA_example.c"
Finished building: "../uDMA_example.c"
 
gmake: Target 'all' not remade because of errors.

**** Build Finished ****

**** Build of configuration Debug for project WS2812 ****

"C:\\ti\\ccs1040\\ccs\\utils\\bin\\gmake" -k -j 12 all -O 
 
Building file: "../tm4c1294ncpdt_startup_ccs.c"
Invoking: Arm Compiler
"C:/ti/ccs1040/ccs/tools/compiler/ti-cgt-arm_20.2.5.LTS/bin/armcl" -mv7M4 --code_state=16 --float_support=FPv4SPD16 -me --include_path="C:/sandbox/WS2812_Drv/WS2812" --include_path="C:/ti/tirtos_tivac_2_16_01_14/products/TivaWare_C_Series-2.1.1.71b" --include_path="C:/ti/ccs1040/ccs/tools/compiler/ti-cgt-arm_20.2.5.LTS/include" --define=ccs="ccs" --define=CLASS_IS_TM4C129 --define=PART_TM4C1294NCPDT -g --gcc --diag_warning=225 --diag_wrap=off --display_error_number --abi=eabi --preproc_with_compile --preproc_dependency="tm4c1294ncpdt_startup_ccs.d_raw"  "../tm4c1294ncpdt_startup_ccs.c"
Finished building: "../tm4c1294ncpdt_startup_ccs.c"
 
Building target: "WS2812.out"
Invoking: Arm Linker
"C:/ti/ccs1040/ccs/tools/compiler/ti-cgt-arm_20.2.5.LTS/bin/armcl" -mv7M4 --code_state=16 --float_support=FPv4SPD16 -me --define=ccs="ccs" --define=CLASS_IS_TM4C129 --define=PART_TM4C1294NCPDT -g --gcc --diag_warning=225 --diag_wrap=off --display_error_number --abi=eabi -z -m"WS2812.map" --heap_size=0 --stack_size=512 -i"C:/ti/ccs1040/ccs/tools/compiler/ti-cgt-arm_20.2.5.LTS/lib" -i"C:/ti/ccs1040/ccs/tools/compiler/ti-cgt-arm_20.2.5.LTS/include" --reread_libs --diag_wrap=off --display_error_number --warn_sections --xml_link_info="WS2812_linkInfo.xml" --rom_model -o "WS2812.out" "./SPI_uDMA_drv.obj" "./WS2812_drv.obj" "./samplePatterns.obj" "./tm4c1294ncpdt_startup_ccs.obj" "./uDMA_example.obj" "../tm4c1294ncpdt.cmd"  -llibc.a -l"C:/ti/tirtos_tivac_2_16_01_14/products/TivaWare_C_Series-2.1.1.71b/driverlib/ccs/Debug/driverlib.lib" 
<Linking>
Finished building target: "WS2812.out"
 

**** Build Finished ****

**** Build of configuration Debug for project WS2812 ****

"C:\\ti\\ccs1040\\ccs\\utils\\bin\\gmake" -k -j 12 all -O 
 
gmake[1]: 'WS2812.out' is up to date.

**** Build Finished ****

**** Build of configuration Debug for project WS2812 ****

"C:\\ti\\ccs1040\\ccs\\utils\\bin\\gmake" -k -j 12 all -O 
 
Building file: "../SPI_uDMA_drv.c"
Invoking: Arm Compiler
"C:/ti/ccs1040/ccs/tools/compiler/ti-cgt-arm_20.2.5.LTS/bin/armcl" -mv7M4 --code_state=16 --float_support=FPv4SPD16 -me --include_path="C:/sandbox/WS2812_Drv/WS2812" --include_path="C:/ti/tirtos_tivac_2_16_01_14/products/TivaWare_C_Series-2.1.1.71b" --include_path="C:/ti/ccs1040/ccs/tools/compiler/ti-cgt-arm_20.2.5.LTS/include" --define=ccs="ccs" --define=CLASS_IS_TM4C129 --define=PART_TM4C1294NCPDT -g --gcc --diag_warning=225 --diag_wrap=off --display_error_number --abi=eabi --preproc_with_compile --preproc_dependency="SPI_uDMA_drv.d_raw"  "../SPI_uDMA_drv.c"
"../SPI_uDMA_drv.c", line 169: warning #225-D: function "MAP_SysCtlPeripheralEnable" declared implicitly
Finished building: "../SPI_uDMA_drv.c"
 
Building target: "WS2812.out"
Invoking: Arm Linker
"C:/ti/ccs1040/ccs/tools/compiler/ti-cgt-arm_20.2.5.LTS/bin/armcl" -mv7M4 --code_state=16 --float_support=FPv4SPD16 -me --define=ccs="ccs" --define=CLASS_IS_TM4C129 --define=PART_TM4C1294NCPDT -g --gcc --diag_warning=225 --diag_wrap=off --display_error_number --abi=eabi -z -m"WS2812.map" --heap_size=0 --stack_size=512 -i"C:/ti/ccs1040/ccs/tools/compiler/ti-cgt-arm_20.2.5.LTS/lib" -i"C:/ti/ccs1040/ccs/tools/compiler/ti-cgt-arm_20.2.5.LTS/include" --reread_libs --diag_wrap=off --display_error_number --warn_sections --xml_link_info="WS2812_linkInfo.xml" --rom_model -o "WS2812.out" "./SPI_uDMA_drv.obj" "./WS2812_drv.obj" "./samplePatterns.obj" "./tm4c1294ncpdt_startup_ccs.obj" "./uDMA_example.obj" "../tm4c1294ncpdt.cmd"  -llibc.a -l"C:/ti/tirtos_tivac_2_16_01_14/products/TivaWare_C_Series-2.1.1.71b/driverlib/ccs/Debug/driverlib.lib" 
<Linking>
 
 undefined                  first referenced  
  symbol                        in file       
 ---------                  ----------------  
 MAP_SysCtlPeripheralEnable ./SPI_uDMA_drv.obj
 
error #10234-D: unresolved symbols remain
error #10010: errors encountered during linking; "WS2812.out" not built
 
>> Compilation failure
makefile:146: recipe for target 'WS2812.out' failed
gmake[1]: *** [WS2812.out] Error 1
makefile:142: recipe for target 'all' failed
gmake: *** [all] Error 2

**** Build Finished ****

**** Build of configuration Debug for project WS2812 ****

"C:\\ti\\ccs1040\\ccs\\utils\\bin\\gmake" -k -j 12 all -O 
 
Building file: "../SPI_uDMA_drv.c"
Invoking: Arm Compiler
"C:/ti/ccs1040/ccs/tools/compiler/ti-cgt-arm_20.2.5.LTS/bin/armcl" -mv7M4 --code_state=16 --float_support=FPv4SPD16 -me --include_path="C:/sandbox/WS2812_Drv/WS2812" --include_path="C:/ti/tirtos_tivac_2_16_01_14/products/TivaWare_C_Series-2.1.1.71b" --include_path="C:/ti/ccs1040/ccs/tools/compiler/ti-cgt-arm_20.2.5.LTS/include" --define=ccs="ccs" --define=CLASS_IS_TM4C129 --define=PART_TM4C1294NCPDT -g --gcc --diag_warning=225 --diag_wrap=off --display_error_number --abi=eabi --preproc_with_compile --preproc_dependency="SPI_uDMA_drv.d_raw"  "../SPI_uDMA_drv.c"
Finished building: "../SPI_uDMA_drv.c"
 
Building target: "WS2812.out"
Invoking: Arm Linker
"C:/ti/ccs1040/ccs/tools/compiler/ti-cgt-arm_20.2.5.LTS/bin/armcl" -mv7M4 --code_state=16 --float_support=FPv4SPD16 -me --define=ccs="ccs" --define=CLASS_IS_TM4C129 --define=PART_TM4C1294NCPDT -g --gcc --diag_warning=225 --diag_wrap=off --display_error_number --abi=eabi -z -m"WS2812.map" --heap_size=0 --stack_size=512 -i"C:/ti/ccs1040/ccs/tools/compiler/ti-cgt-arm_20.2.5.LTS/lib" -i"C:/ti/ccs1040/ccs/tools/compiler/ti-cgt-arm_20.2.5.LTS/include" --reread_libs --diag_wrap=off --display_error_number --warn_sections --xml_link_info="WS2812_linkInfo.xml" --rom_model -o "WS2812.out" "./SPI_uDMA_drv.obj" "./WS2812_drv.obj" "./samplePatterns.obj" "./tm4c1294ncpdt_startup_ccs.obj" "./uDMA_example.obj" "../tm4c1294ncpdt.cmd"  -llibc.a -l"C:/ti/tirtos_tivac_2_16_01_14/products/TivaWare_C_Series-2.1.1.71b/driverlib/ccs/Debug/driverlib.lib" 
<Linking>
Finished building target: "WS2812.out"
 

**** Build Finished ****

**** Build of configuration Debug for project WS2812 ****

"C:\\ti\\ccs1040\\ccs\\utils\\bin\\gmake" -k -j 12 all -O 
 
Building file: "../SPI_uDMA_drv.c"
Invoking: Arm Compiler
"C:/ti/ccs1040/ccs/tools/compiler/ti-cgt-arm_20.2.5.LTS/bin/armcl" -mv7M4 --code_state=16 --float_support=FPv4SPD16 -me --include_path="C:/sandbox/WS2812_Drv/WS2812" --include_path="C:/ti/tirtos_tivac_2_16_01_14/products/TivaWare_C_Series-2.1.1.71b" --include_path="C:/ti/ccs1040/ccs/tools/compiler/ti-cgt-arm_20.2.5.LTS/include" --define=ccs="ccs" --define=CLASS_IS_TM4C129 --define=PART_TM4C1294NCPDT -g --gcc --diag_warning=225 --diag_wrap=off --display_error_number --abi=eabi --preproc_with_compile --preproc_dependency="SPI_uDMA_drv.d_raw"  "../SPI_uDMA_drv.c"
Finished building: "../SPI_uDMA_drv.c"
 
Building target: "WS2812.out"
Invoking: Arm Linker
"C:/ti/ccs1040/ccs/tools/compiler/ti-cgt-arm_20.2.5.LTS/bin/armcl" -mv7M4 --code_state=16 --float_support=FPv4SPD16 -me --define=ccs="ccs" --define=CLASS_IS_TM4C129 --define=PART_TM4C1294NCPDT -g --gcc --diag_warning=225 --diag_wrap=off --display_error_number --abi=eabi -z -m"WS2812.map" --heap_size=0 --stack_size=512 -i"C:/ti/ccs1040/ccs/tools/compiler/ti-cgt-arm_20.2.5.LTS/lib" -i"C:/ti/ccs1040/ccs/tools/compiler/ti-cgt-arm_20.2.5.LTS/include" --reread_libs --diag_wrap=off --display_error_number --warn_sections --xml_link_info="WS2812_linkInfo.xml" --rom_model -o "WS2812.out" "./SPI_uDMA_drv.obj" "./WS2812_drv.obj" "./samplePatterns.obj" "./tm4c1294ncpdt_startup_ccs.obj" "./uDMA_example.obj" "../tm4c1294ncpdt.cmd"  -llibc.a -l"C:/ti/tirtos_tivac_2_16_01_14/products/TivaWare_C_Series-2.1.1.71b/driverlib/ccs/Debug/driverlib.lib" 
<Linking>
Finished building target: "WS2812.out"
 

**** Build Finished ****

**** Build of configuration Debug for project WS2812 ****

"C:\\ti\\ccs1040\\ccs\\utils\\bin\\gmake" -k -j 12 all -O 
 
Building file: "../SPI_uDMA_drv.c"
Invoking: Arm Compiler
"C:/ti/ccs1040/ccs/tools/compiler/ti-cgt-arm_20.2.5.LTS/bin/armcl" -mv7M4 --code_state=16 --float_support=FPv4SPD16 -me --include_path="C:/sandbox/WS2812_Drv/WS2812" --include_path="C:/ti/tirtos_tivac_2_16_01_14/products/TivaWare_C_Series-2.1.1.71b" --include_path="C:/ti/ccs1040/ccs/tools/compiler/ti-cgt-arm_20.2.5.LTS/include" --define=ccs="ccs" --define=CLASS_IS_TM4C129 --define=PART_TM4C1294NCPDT -g --gcc --diag_warning=225 --diag_wrap=off --display_error_number --abi=eabi --preproc_with_compile --preproc_dependency="SPI_uDMA_drv.d_raw"  "../SPI_uDMA_drv.c"
Finished building: "../SPI_uDMA_drv.c"
 
Building target: "WS2812.out"
Invoking: Arm Linker
"C:/ti/ccs1040/ccs/tools/compiler/ti-cgt-arm_20.2.5.LTS/bin/armcl" -mv7M4 --code_state=16 --float_support=FPv4SPD16 -me --define=ccs="ccs" --define=CLASS_IS_TM4C129 --define=PART_TM4C1294NCPDT -g --gcc --diag_warning=225 --diag_wrap=off --display_error_number --abi=eabi -z -m"WS2812.map" --heap_size=0 --stack_size=512 -i"C:/ti/ccs1040/ccs/tools/compiler/ti-cgt-arm_20.2.5.LTS/lib" -i"C:/ti/ccs1040/ccs/tools/compiler/ti-cgt-arm_20.2.5.LTS/include" --reread_libs --diag_wrap=off --display_error_number --warn_sections --xml_link_info="WS2812_linkInfo.xml" --rom_model -o "WS2812.out" "./SPI_uDMA_drv.obj" "./WS2812_drv.obj" "./samplePatterns.obj" "./tm4c1294ncpdt_startup_ccs.obj" "./uDMA_example.obj" "../tm4c1294ncpdt.cmd"  -llibc.a -l"C:/ti/tirtos_tivac_2_16_01_14/products/TivaWare_C_Series-2.1.1.71b/driverlib/ccs/Debug/driverlib.lib" 
<Linking>
Finished building target: "WS2812.out"
 

**** Build Finished ****

**** Build of configuration Debug for project WS2812 ****

"C:\\ti\\ccs1040\\ccs\\utils\\bin\\gmake" -k -j 12 all -O 
 
Building file: "../SPI_uDMA_drv.c"
Invoking: Arm Compiler
"C:/ti/ccs1040/ccs/tools/compiler/ti-cgt-arm_20.2.5.LTS/bin/armcl" -mv7M4 --code_state=16 --float_support=FPv4SPD16 -me --include_path="C:/sandbox/WS2812_Drv/WS2812" --include_path="C:/ti/tirtos_tivac_2_16_01_14/products/TivaWare_C_Series-2.1.1.71b" --include_path="C:/ti/ccs1040/ccs/tools/compiler/ti-cgt-arm_20.2.5.LTS/include" --define=ccs="ccs" --define=CLASS_IS_TM4C129 --define=PART_TM4C1294NCPDT -g --gcc --diag_warning=225 --diag_wrap=off --display_error_number --abi=eabi --preproc_with_compile --preproc_dependency="SPI_uDMA_drv.d_raw"  "../SPI_uDMA_drv.c"
Finished building: "../SPI_uDMA_drv.c"
 
Building target: "WS2812.out"
Invoking: Arm Linker
"C:/ti/ccs1040/ccs/tools/compiler/ti-cgt-arm_20.2.5.LTS/bin/armcl" -mv7M4 --code_state=16 --float_support=FPv4SPD16 -me --define=ccs="ccs" --define=CLASS_IS_TM4C129 --define=PART_TM4C1294NCPDT -g --gcc --diag_warning=225 --diag_wrap=off --display_error_number --abi=eabi -z -m"WS2812.map" --heap_size=0 --stack_size=512 -i"C:/ti/ccs1040/ccs/tools/compiler/ti-cgt-arm_20.2.5.LTS/lib" -i"C:/ti/ccs1040/ccs/tools/compiler/ti-cgt-arm_20.2.5.LTS/include" --reread_libs --diag_wrap=off --display_error_number --warn_sections --xml_link_info="WS2812_linkInfo.xml" --rom_model -o "WS2812.out" "./SPI_uDMA_drv.obj" "./WS2812_drv.obj" "./samplePatterns.obj" "./tm4c1294ncpdt_startup_ccs.obj" "./uDMA_example.obj" "../tm4c1294ncpdt.cmd"  -llibc.a -l"C:/ti/tirtos_tivac_2_16_01_14/products/TivaWare_C_Series-2.1.1.71b/driverlib/ccs/Debug/driverlib.lib" 
<Linking>
Finished building target: "WS2812.out"
 

**** Build Finished ****

**** Build of configuration Debug for project WS2812 ****

"C:\\ti\\ccs1040\\ccs\\utils\\bin\\gmake" -k -j 12 all -O 
 
Building file: "../SPI_uDMA_drv.c"
Invoking: Arm Compiler
"C:/ti/ccs1040/ccs/tools/compiler/ti-cgt-arm_20.2.5.LTS/bin/armcl" -mv7M4 --code_state=16 --float_support=FPv4SPD16 -me --include_path="C:/sandbox/WS2812_Drv/WS2812" --include_path="C:/ti/tirtos_tivac_2_16_01_14/products/TivaWare_C_Series-2.1.1.71b" --include_path="C:/ti/ccs1040/ccs/tools/compiler/ti-cgt-arm_20.2.5.LTS/include" --define=ccs="ccs" --define=CLASS_IS_TM4C129 --define=PART_TM4C1294NCPDT -g --gcc --diag_warning=225 --diag_wrap=off --display_error_number --abi=eabi --preproc_with_compile --preproc_dependency="SPI_uDMA_drv.d_raw"  "../SPI_uDMA_drv.c"
Finished building: "../SPI_uDMA_drv.c"
 
Building target: "WS2812.out"
Invoking: Arm Linker
"C:/ti/ccs1040/ccs/tools/compiler/ti-cgt-arm_20.2.5.LTS/bin/armcl" -mv7M4 --code_state=16 --float_support=FPv4SPD16 -me --define=ccs="ccs" --define=CLASS_IS_TM4C129 --define=PART_TM4C1294NCPDT -g --gcc --diag_warning=225 --diag_wrap=off --display_error_number --abi=eabi -z -m"WS2812.map" --heap_size=0 --stack_size=512 -i"C:/ti/ccs1040/ccs/tools/compiler/ti-cgt-arm_20.2.5.LTS/lib" -i"C:/ti/ccs1040/ccs/tools/compiler/ti-cgt-arm_20.2.5.LTS/include" --reread_libs --diag_wrap=off --display_error_number --warn_sections --xml_link_info="WS2812_linkInfo.xml" --rom_model -o "WS2812.out" "./SPI_uDMA_drv.obj" "./WS2812_drv.obj" "./samplePatterns.obj" "./tm4c1294ncpdt_startup_ccs.obj" "./uDMA_example.obj" "../tm4c1294ncpdt.cmd"  -llibc.a -l"C:/ti/tirtos_tivac_2_16_01_14/products/TivaWare_C_Series-2.1.1.71b/driverlib/ccs/Debug/driverlib.lib" 
<Linking>
Finished building target: "WS2812.out"
 

**** Build Finished ****

**** Build of configuration Debug for project WS2812 ****

"C:\\ti\\ccs1040\\ccs\\utils\\bin\\gmake" -k -j 12 all -O 
 
Building file: "../SPI_uDMA_drv.c"
Invoking: Arm Compiler
"C:/ti/ccs1040/ccs/tools/compiler/ti-cgt-arm_20.2.5.LTS/bin/armcl" -mv7M4 --code_state=16 --float_support=FPv4SPD16 -me --include_path="C:/sandbox/WS2812_Drv/WS2812" --include_path="C:/ti/tirtos_tivac_2_16_01_14/products/TivaWare_C_Series-2.1.1.71b" --include_path="C:/ti/ccs1040/ccs/tools/compiler/ti-cgt-arm_20.2.5.LTS/include" --define=ccs="ccs" --define=CLASS_IS_TM4C129 --define=PART_TM4C1294NCPDT -g --gcc --diag_warning=225 --diag_wrap=off --display_error_number --abi=eabi --preproc_with_compile --preproc_dependency="SPI_uDMA_drv.d_raw"  "../SPI_uDMA_drv.c"
Finished building: "../SPI_uDMA_drv.c"
 
Building target: "WS2812.out"
Invoking: Arm Linker
"C:/ti/ccs1040/ccs/tools/compiler/ti-cgt-arm_20.2.5.LTS/bin/armcl" -mv7M4 --code_state=16 --float_support=FPv4SPD16 -me --define=ccs="ccs" --define=CLASS_IS_TM4C129 --define=PART_TM4C1294NCPDT -g --gcc --diag_warning=225 --diag_wrap=off --display_error_number --abi=eabi -z -m"WS2812.map" --heap_size=0 --stack_size=512 -i"C:/ti/ccs1040/ccs/tools/compiler/ti-cgt-arm_20.2.5.LTS/lib" -i"C:/ti/ccs1040/ccs/tools/compiler/ti-cgt-arm_20.2.5.LTS/include" --reread_libs --diag_wrap=off --display_error_number --warn_sections --xml_link_info="WS2812_linkInfo.xml" --rom_model -o "WS2812.out" "./SPI_uDMA_drv.obj" "./WS2812_drv.obj" "./samplePatterns.obj" "./tm4c1294ncpdt_startup_ccs.obj" "./uDMA_example.obj" "../tm4c1294ncpdt.cmd"  -llibc.a -l"C:/ti/tirtos_tivac_2_16_01_14/products/TivaWare_C_Series-2.1.1.71b/driverlib/ccs/Debug/driverlib.lib" 
<Linking>
Finished building target: "WS2812.out"
 

**** Build Finished ****

**** Build of configuration Debug for project WS2812 ****

"C:\\ti\\ccs1040\\ccs\\utils\\bin\\gmake" -k -j 12 all -O 
 
Building file: "../SPI_uDMA_drv.c"
Invoking: Arm Compiler
"C:/ti/ccs1040/ccs/tools/compiler/ti-cgt-arm_20.2.5.LTS/bin/armcl" -mv7M4 --code_state=16 --float_support=FPv4SPD16 -me --include_path="C:/sandbox/WS2812_Drv/WS2812" --include_path="C:/ti/tirtos_tivac_2_16_01_14/products/TivaWare_C_Series-2.1.1.71b" --include_path="C:/ti/ccs1040/ccs/tools/compiler/ti-cgt-arm_20.2.5.LTS/include" --define=ccs="ccs" --define=CLASS_IS_TM4C129 --define=PART_TM4C1294NCPDT -g --gcc --diag_warning=225 --diag_wrap=off --display_error_number --abi=eabi --preproc_with_compile --preproc_dependency="SPI_uDMA_drv.d_raw"  "../SPI_uDMA_drv.c"
Finished building: "../SPI_uDMA_drv.c"
 
Building file: "../uDMA_example.c"
Invoking: Arm Compiler
"C:/ti/ccs1040/ccs/tools/compiler/ti-cgt-arm_20.2.5.LTS/bin/armcl" -mv7M4 --code_state=16 --float_support=FPv4SPD16 -me --include_path="C:/sandbox/WS2812_Drv/WS2812" --include_path="C:/ti/tirtos_tivac_2_16_01_14/products/TivaWare_C_Series-2.1.1.71b" --include_path="C:/ti/ccs1040/ccs/tools/compiler/ti-cgt-arm_20.2.5.LTS/include" --define=ccs="ccs" --define=CLASS_IS_TM4C129 --define=PART_TM4C1294NCPDT -g --gcc --diag_warning=225 --diag_wrap=off --display_error_number --abi=eabi --preproc_with_compile --preproc_dependency="uDMA_example.d_raw"  "../uDMA_example.c"
"../uDMA_example.c", line 67: warning #225-D: function "MAP_SysCtlClockFreqSet" declared implicitly
"../uDMA_example.c", line 108: warning #225-D: function "MAP_CPUwfi" declared implicitly
Finished building: "../uDMA_example.c"
 
Building target: "WS2812.out"
Invoking: Arm Linker
"C:/ti/ccs1040/ccs/tools/compiler/ti-cgt-arm_20.2.5.LTS/bin/armcl" -mv7M4 --code_state=16 --float_support=FPv4SPD16 -me --define=ccs="ccs" --define=CLASS_IS_TM4C129 --define=PART_TM4C1294NCPDT -g --gcc --diag_warning=225 --diag_wrap=off --display_error_number --abi=eabi -z -m"WS2812.map" --heap_size=0 --stack_size=512 -i"C:/ti/ccs1040/ccs/tools/compiler/ti-cgt-arm_20.2.5.LTS/lib" -i"C:/ti/ccs1040/ccs/tools/compiler/ti-cgt-arm_20.2.5.LTS/include" --reread_libs --diag_wrap=off --display_error_number --warn_sections --xml_link_info="WS2812_linkInfo.xml" --rom_model -o "WS2812.out" "./SPI_uDMA_drv.obj" "./WS2812_drv.obj" "./samplePatterns.obj" "./tm4c1294ncpdt_startup_ccs.obj" "./uDMA_example.obj" "../tm4c1294ncpdt.cmd"  -llibc.a -l"C:/ti/tirtos_tivac_2_16_01_14/products/TivaWare_C_Series-2.1.1.71b/driverlib/ccs/Debug/driverlib.lib" 
<Linking>
 
 undefined              first referenced  
  symbol                    in file       
 ---------              ----------------  
 MAP_CPUwfi             ./uDMA_example.obj
 MAP_SysCtlClockFreqSet ./uDMA_example.obj
 
error #10234-D: unresolved symbols remain
error #10010: errors encountered during linking; "WS2812.out" not built
 
>> Compilation failure
makefile:146: recipe for target 'WS2812.out' failed
gmake[1]: *** [WS2812.out] Error 1
makefile:142: recipe for target 'all' failed
gmake: *** [all] Error 2

**** Build Finished ****

**** Build of configuration Debug for project WS2812 ****

"C:\\ti\\ccs1040\\ccs\\utils\\bin\\gmake" -k -j 12 all -O 
 
Building file: "../uDMA_example.c"
Invoking: Arm Compiler
"C:/ti/ccs1040/ccs/tools/compiler/ti-cgt-arm_20.2.5.LTS/bin/armcl" -mv7M4 --code_state=16 --float_support=FPv4SPD16 -me --include_path="C:/sandbox/WS2812_Drv/WS2812" --include_path="C:/ti/tirtos_tivac_2_16_01_14/products/TivaWare_C_Series-2.1.1.71b" --include_path="C:/ti/ccs1040/ccs/tools/compiler/ti-cgt-arm_20.2.5.LTS/include" --define=ccs="ccs" --define=CLASS_IS_TM4C129 --define=PART_TM4C1294NCPDT -g --gcc --diag_warning=225 --diag_wrap=off --display_error_number --abi=eabi --preproc_with_compile --preproc_dependency="uDMA_example.d_raw"  "../uDMA_example.c"
"../uDMA_example.c", line 108: warning #225-D: function "MAP_CPUwfi" declared implicitly
Finished building: "../uDMA_example.c"
 
Building target: "WS2812.out"
Invoking: Arm Linker
"C:/ti/ccs1040/ccs/tools/compiler/ti-cgt-arm_20.2.5.LTS/bin/armcl" -mv7M4 --code_state=16 --float_support=FPv4SPD16 -me --define=ccs="ccs" --define=CLASS_IS_TM4C129 --define=PART_TM4C1294NCPDT -g --gcc --diag_warning=225 --diag_wrap=off --display_error_number --abi=eabi -z -m"WS2812.map" --heap_size=0 --stack_size=512 -i"C:/ti/ccs1040/ccs/tools/compiler/ti-cgt-arm_20.2.5.LTS/lib" -i"C:/ti/ccs1040/ccs/tools/compiler/ti-cgt-arm_20.2.5.LTS/include" --reread_libs --diag_wrap=off --display_error_number --warn_sections --xml_link_info="WS2812_linkInfo.xml" --rom_model -o "WS2812.out" "./SPI_uDMA_drv.obj" "./WS2812_drv.obj" "./samplePatterns.obj" "./tm4c1294ncpdt_startup_ccs.obj" "./uDMA_example.obj" "../tm4c1294ncpdt.cmd"  -llibc.a -l"C:/ti/tirtos_tivac_2_16_01_14/products/TivaWare_C_Series-2.1.1.71b/driverlib/ccs/Debug/driverlib.lib" 
<Linking>
 
 undefined  first referenced  
  symbol        in file       
 ---------  ----------------  
 MAP_CPUwfi ./uDMA_example.obj
 
error #10234-D: unresolved symbols remain
error #10010: errors encountered during linking; "WS2812.out" not built
 
>> Compilation failure
makefile:146: recipe for target 'WS2812.out' failed
gmake[1]: *** [WS2812.out] Error 1
makefile:142: recipe for target 'all' failed
gmake: *** [all] Error 2

**** Build Finished ****

**** Build of configuration Debug for project WS2812 ****

"C:\\ti\\ccs1040\\ccs\\utils\\bin\\gmake" -k -j 12 all -O 
 
Building file: "../uDMA_example.c"
Invoking: Arm Compiler
"C:/ti/ccs1040/ccs/tools/compiler/ti-cgt-arm_20.2.5.LTS/bin/armcl" -mv7M4 --code_state=16 --float_support=FPv4SPD16 -me --include_path="C:/sandbox/WS2812_Drv/WS2812" --include_path="C:/ti/tirtos_tivac_2_16_01_14/products/TivaWare_C_Series-2.1.1.71b" --include_path="C:/ti/ccs1040/ccs/tools/compiler/ti-cgt-arm_20.2.5.LTS/include" --define=ccs="ccs" --define=CLASS_IS_TM4C129 --define=PART_TM4C1294NCPDT -g --gcc --diag_warning=225 --diag_wrap=off --display_error_number --abi=eabi --preproc_with_compile --preproc_dependency="uDMA_example.d_raw"  "../uDMA_example.c"
Finished building: "../uDMA_example.c"
 
Building target: "WS2812.out"
Invoking: Arm Linker
"C:/ti/ccs1040/ccs/tools/compiler/ti-cgt-arm_20.2.5.LTS/bin/armcl" -mv7M4 --code_state=16 --float_support=FPv4SPD16 -me --define=ccs="ccs" --define=CLASS_IS_TM4C129 --define=PART_TM4C1294NCPDT -g --gcc --diag_warning=225 --diag_wrap=off --display_error_number --abi=eabi -z -m"WS2812.map" --heap_size=0 --stack_size=512 -i"C:/ti/ccs1040/ccs/tools/compiler/ti-cgt-arm_20.2.5.LTS/lib" -i"C:/ti/ccs1040/ccs/tools/compiler/ti-cgt-arm_20.2.5.LTS/include" --reread_libs --diag_wrap=off --display_error_number --warn_sections --xml_link_info="WS2812_linkInfo.xml" --rom_model -o "WS2812.out" "./SPI_uDMA_drv.obj" "./WS2812_drv.obj" "./samplePatterns.obj" "./tm4c1294ncpdt_startup_ccs.obj" "./uDMA_example.obj" "../tm4c1294ncpdt.cmd"  -llibc.a -l"C:/ti/tirtos_tivac_2_16_01_14/products/TivaWare_C_Series-2.1.1.71b/driverlib/ccs/Debug/driverlib.lib" 
<Linking>
Finished building target: "WS2812.out"
 

**** Build Finished ****

**** Build of configuration Debug for project WS2812 ****

"C:\\ti\\ccs1040\\ccs\\utils\\bin\\gmake" -k -j 12 all -O 
 
gmake[1]: 'WS2812.out' is up to date.

**** Build Finished ****

**** Build of configuration Debug for project WS2812 ****

"C:\\ti\\ccs1040\\ccs\\utils\\bin\\gmake" -k -j 12 all -O 
 
Building file: "../SPI_uDMA_drv.c"
Invoking: Arm Compiler
"C:/ti/ccs1040/ccs/tools/compiler/ti-cgt-arm_20.2.5.LTS/bin/armcl" -mv7M4 --code_state=16 --float_support=FPv4SPD16 -me --include_path="C:/sandbox/WS2812_Drv/WS2812" --include_path="C:/ti/tirtos_tivac_2_16_01_14/products/TivaWare_C_Series-2.1.1.71b" --include_path="C:/ti/ccs1040/ccs/tools/compiler/ti-cgt-arm_20.2.5.LTS/include" --define=ccs="ccs" --define=CLASS_IS_TM4C129 --define=PART_TM4C1294NCPDT -g --gcc --diag_warning=225 --diag_wrap=off --display_error_number --abi=eabi --preproc_with_compile --preproc_dependency="SPI_uDMA_drv.d_raw"  "../SPI_uDMA_drv.c"
 
>> Compilation failure
subdir_rules.mk:9: recipe for target 'SPI_uDMA_drv.obj' failed
"../SPI_uDMA_drv.c", line 225: error #66: expected a ";"
1 error detected in the compilation of "../SPI_uDMA_drv.c".
gmake: *** [SPI_uDMA_drv.obj] Error 1
gmake: Target 'all' not remade because of errors.

**** Build Finished ****

**** Build of configuration Debug for project WS2812 ****

"C:\\ti\\ccs1040\\ccs\\utils\\bin\\gmake" -k -j 12 all -O 
 
Building file: "../SPI_uDMA_drv.c"
Invoking: Arm Compiler
"C:/ti/ccs1040/ccs/tools/compiler/ti-cgt-arm_20.2.5.LTS/bin/armcl" -mv7M4 --code_state=16 --float_support=FPv4SPD16 -me --include_path="C:/sandbox/WS2812_Drv/WS2812" --include_path="C:/ti/tirtos_tivac_2_16_01_14/products/TivaWare_C_Series-2.1.1.71b" --include_path="C:/ti/ccs1040/ccs/tools/compiler/ti-cgt-arm_20.2.5.LTS/include" --define=ccs="ccs" --define=CLASS_IS_TM4C129 --define=PART_TM4C1294NCPDT -g --gcc --diag_warning=225 --diag_wrap=off --display_error_number --abi=eabi --preproc_with_compile --preproc_dependency="SPI_uDMA_drv.d_raw"  "../SPI_uDMA_drv.c"
Finished building: "../SPI_uDMA_drv.c"
 
Building target: "WS2812.out"
Invoking: Arm Linker
"C:/ti/ccs1040/ccs/tools/compiler/ti-cgt-arm_20.2.5.LTS/bin/armcl" -mv7M4 --code_state=16 --float_support=FPv4SPD16 -me --define=ccs="ccs" --define=CLASS_IS_TM4C129 --define=PART_TM4C1294NCPDT -g --gcc --diag_warning=225 --diag_wrap=off --display_error_number --abi=eabi -z -m"WS2812.map" --heap_size=0 --stack_size=512 -i"C:/ti/ccs1040/ccs/tools/compiler/ti-cgt-arm_20.2.5.LTS/lib" -i"C:/ti/ccs1040/ccs/tools/compiler/ti-cgt-arm_20.2.5.LTS/include" --reread_libs --diag_wrap=off --display_error_number --warn_sections --xml_link_info="WS2812_linkInfo.xml" --rom_model -o "WS2812.out" "./SPI_uDMA_drv.obj" "./WS2812_drv.obj" "./samplePatterns.obj" "./tm4c1294ncpdt_startup_ccs.obj" "./uDMA_example.obj" "../tm4c1294ncpdt.cmd"  -llibc.a -l"C:/ti/tirtos_tivac_2_16_01_14/products/TivaWare_C_Series-2.1.1.71b/driverlib/ccs/Debug/driverlib.lib" 
<Linking>
Finished building target: "WS2812.out"
 

**** Build Finished ****

**** Build of configuration Debug for project WS2812 ****

"C:\\ti\\ccs1040\\ccs\\utils\\bin\\gmake" -k -j 12 all -O 
 
gmake[1]: 'WS2812.out' is up to date.

**** Build Finished ****

**** Build of configuration Debug for project WS2812 ****

"C:\\ti\\ccs1040\\ccs\\utils\\bin\\gmake" -k -j 12 all -O 
 
Building file: "../uDMA_example.c"
Invoking: Arm Compiler
"C:/ti/ccs1040/ccs/tools/compiler/ti-cgt-arm_20.2.5.LTS/bin/armcl" -mv7M4 --code_state=16 --float_support=FPv4SPD16 -me --include_path="C:/sandbox/WS2812_Drv/WS2812" --include_path="C:/ti/tirtos_tivac_2_16_01_14/products/TivaWare_C_Series-2.1.1.71b" --include_path="C:/ti/ccs1040/ccs/tools/compiler/ti-cgt-arm_20.2.5.LTS/include" --define=ccs="ccs" --define=CLASS_IS_TM4C129 --define=PART_TM4C1294NCPDT -g --gcc --diag_warning=225 --diag_wrap=off --display_error_number --abi=eabi --preproc_with_compile --preproc_dependency="uDMA_example.d_raw"  "../uDMA_example.c"
Finished building: "../uDMA_example.c"
 
Building target: "WS2812.out"
Invoking: Arm Linker
"C:/ti/ccs1040/ccs/tools/compiler/ti-cgt-arm_20.2.5.LTS/bin/armcl" -mv7M4 --code_state=16 --float_support=FPv4SPD16 -me --define=ccs="ccs" --define=CLASS_IS_TM4C129 --define=PART_TM4C1294NCPDT -g --gcc --diag_warning=225 --diag_wrap=off --display_error_number --abi=eabi -z -m"WS2812.map" --heap_size=0 --stack_size=512 -i"C:/ti/ccs1040/ccs/tools/compiler/ti-cgt-arm_20.2.5.LTS/lib" -i"C:/ti/ccs1040/ccs/tools/compiler/ti-cgt-arm_20.2.5.LTS/include" --reread_libs --diag_wrap=off --display_error_number --warn_sections --xml_link_info="WS2812_linkInfo.xml" --rom_model -o "WS2812.out" "./SPI_uDMA_drv.obj" "./WS2812_drv.obj" "./samplePatterns.obj" "./tm4c1294ncpdt_startup_ccs.obj" "./uDMA_example.obj" "../tm4c1294ncpdt.cmd"  -llibc.a -l"C:/ti/tirtos_tivac_2_16_01_14/products/TivaWare_C_Series-2.1.1.71b/driverlib/ccs/Debug/driverlib.lib" 
<Linking>
Finished building target: "WS2812.out"
 

**** Build Finished ****

**** Build of configuration Debug for project WS2812 ****

"C:\\ti\\ccs1040\\ccs\\utils\\bin\\gmake" -k -j 12 all -O 
 
gmake[1]: 'WS2812.out' is up to date.

**** Build Finished ****

**** Build of configuration Debug for project WS2812 ****

"C:\\ti\\ccs1040\\ccs\\utils\\bin\\gmake" -k -j 12 all -O 
 
gmake[1]: 'WS2812.out' is up to date.

**** Build Finished ****

**** Build of configuration Debug for project WS2812 ****

"C:\\ti\\ccs1040\\ccs\\utils\\bin\\gmake" -k -j 12 all -O 
 
gmake[1]: 'WS2812.out' is up to date.

**** Build Finished ****

**** Build of configuration Debug for project WS2812 ****

"C:\\ti\\ccs1040\\ccs\\utils\\bin\\gmake" -k -j 12 all -O 
 
Building file: "../uDMA_example.c"
Invoking: Arm Compiler
"C:/ti/ccs1040/ccs/tools/compiler/ti-cgt-arm_20.2.5.LTS/bin/armcl" -mv7M4 --code_state=16 --float_support=FPv4SPD16 -me --include_path="C:/sandbox/WS2812_Drv/WS2812" --include_path="C:/ti/tirtos_tivac_2_16_01_14/products/TivaWare_C_Series-2.1.1.71b" --include_path="C:/ti/ccs1040/ccs/tools/compiler/ti-cgt-arm_20.2.5.LTS/include" --define=ccs="ccs" --define=CLASS_IS_TM4C129 --define=PART_TM4C1294NCPDT -g --gcc --diag_warning=225 --diag_wrap=off --display_error_number --abi=eabi --preproc_with_compile --preproc_dependency="uDMA_example.d_raw"  "../uDMA_example.c"
Finished building: "../uDMA_example.c"
 
Building file: "../SPI_uDMA_drv.c"
Invoking: Arm Compiler
"C:/ti/ccs1040/ccs/tools/compiler/ti-cgt-arm_20.2.5.LTS/bin/armcl" -mv7M4 --code_state=16 --float_support=FPv4SPD16 -me --include_path="C:/sandbox/WS2812_Drv/WS2812" --include_path="C:/ti/tirtos_tivac_2_16_01_14/products/TivaWare_C_Series-2.1.1.71b" --include_path="C:/ti/ccs1040/ccs/tools/compiler/ti-cgt-arm_20.2.5.LTS/include" --define=ccs="ccs" --define=CLASS_IS_TM4C129 --define=PART_TM4C1294NCPDT -g --gcc --diag_warning=225 --diag_wrap=off --display_error_number --abi=eabi --preproc_with_compile --preproc_dependency="SPI_uDMA_drv.d_raw"  "../SPI_uDMA_drv.c"
Finished building: "../SPI_uDMA_drv.c"
 
Building target: "WS2812.out"
Invoking: Arm Linker
"C:/ti/ccs1040/ccs/tools/compiler/ti-cgt-arm_20.2.5.LTS/bin/armcl" -mv7M4 --code_state=16 --float_support=FPv4SPD16 -me --define=ccs="ccs" --define=CLASS_IS_TM4C129 --define=PART_TM4C1294NCPDT -g --gcc --diag_warning=225 --diag_wrap=off --display_error_number --abi=eabi -z -m"WS2812.map" --heap_size=0 --stack_size=512 -i"C:/ti/ccs1040/ccs/tools/compiler/ti-cgt-arm_20.2.5.LTS/lib" -i"C:/ti/ccs1040/ccs/tools/compiler/ti-cgt-arm_20.2.5.LTS/include" --reread_libs --diag_wrap=off --display_error_number --warn_sections --xml_link_info="WS2812_linkInfo.xml" --rom_model -o "WS2812.out" "./SPI_uDMA_drv.obj" "./WS2812_drv.obj" "./samplePatterns.obj" "./tm4c1294ncpdt_startup_ccs.obj" "./uDMA_example.obj" "../tm4c1294ncpdt.cmd"  -llibc.a -l"C:/ti/tirtos_tivac_2_16_01_14/products/TivaWare_C_Series-2.1.1.71b/driverlib/ccs/Debug/driverlib.lib" 
<Linking>
Finished building target: "WS2812.out"
 

**** Build Finished ****

**** Build of configuration Debug for project WS2812 ****

"C:\\ti\\ccs1040\\ccs\\utils\\bin\\gmake" -k -j 12 all -O 
 
Building file: "../uDMA_example.c"
Invoking: Arm Compiler
"C:/ti/ccs1040/ccs/tools/compiler/ti-cgt-arm_20.2.5.LTS/bin/armcl" -mv7M4 --code_state=16 --float_support=FPv4SPD16 -me --include_path="C:/sandbox/WS2812_Drv/WS2812" --include_path="C:/ti/tirtos_tivac_2_16_01_14/products/TivaWare_C_Series-2.1.1.71b" --include_path="C:/ti/ccs1040/ccs/tools/compiler/ti-cgt-arm_20.2.5.LTS/include" --define=ccs="ccs" --define=CLASS_IS_TM4C129 --define=PART_TM4C1294NCPDT -g --gcc --diag_warning=225 --diag_wrap=off --display_error_number --abi=eabi --preproc_with_compile --preproc_dependency="uDMA_example.d_raw"  "../uDMA_example.c"
Finished building: "../uDMA_example.c"
 
Building target: "WS2812.out"
Invoking: Arm Linker
"C:/ti/ccs1040/ccs/tools/compiler/ti-cgt-arm_20.2.5.LTS/bin/armcl" -mv7M4 --code_state=16 --float_support=FPv4SPD16 -me --define=ccs="ccs" --define=CLASS_IS_TM4C129 --define=PART_TM4C1294NCPDT -g --gcc --diag_warning=225 --diag_wrap=off --display_error_number --abi=eabi -z -m"WS2812.map" --heap_size=0 --stack_size=512 -i"C:/ti/ccs1040/ccs/tools/compiler/ti-cgt-arm_20.2.5.LTS/lib" -i"C:/ti/ccs1040/ccs/tools/compiler/ti-cgt-arm_20.2.5.LTS/include" --reread_libs --diag_wrap=off --display_error_number --warn_sections --xml_link_info="WS2812_linkInfo.xml" --rom_model -o "WS2812.out" "./SPI_uDMA_drv.obj" "./WS2812_drv.obj" "./samplePatterns.obj" "./tm4c1294ncpdt_startup_ccs.obj" "./uDMA_example.obj" "../tm4c1294ncpdt.cmd"  -llibc.a -l"C:/ti/tirtos_tivac_2_16_01_14/products/TivaWare_C_Series-2.1.1.71b/driverlib/ccs/Debug/driverlib.lib" 
<Linking>
Finished building target: "WS2812.out"
 

**** Build Finished ****

**** Build of configuration Debug for project WS2812 ****

"C:\\ti\\ccs1040\\ccs\\utils\\bin\\gmake" -k -j 12 all -O 
 
gmake[1]: 'WS2812.out' is up to date.

**** Build Finished ****

**** Build of configuration Debug for project WS2812 ****

"C:\\ti\\ccs1040\\ccs\\utils\\bin\\gmake" -k -j 12 all -O 
 
Building file: "../uDMA_example.c"
Invoking: Arm Compiler
"C:/ti/ccs1040/ccs/tools/compiler/ti-cgt-arm_20.2.5.LTS/bin/armcl" -mv7M4 --code_state=16 --float_support=FPv4SPD16 -me --include_path="C:/sandbox/WS2812_Drv/WS2812" --include_path="C:/ti/tirtos_tivac_2_16_01_14/products/TivaWare_C_Series-2.1.1.71b" --include_path="C:/ti/ccs1040/ccs/tools/compiler/ti-cgt-arm_20.2.5.LTS/include" --define=ccs="ccs" --define=CLASS_IS_TM4C129 --define=PART_TM4C1294NCPDT -g --gcc --diag_warning=225 --diag_wrap=off --display_error_number --abi=eabi --preproc_with_compile --preproc_dependency="uDMA_example.d_raw"  "../uDMA_example.c"
Finished building: "../uDMA_example.c"
 
Building target: "WS2812.out"
Invoking: Arm Linker
"C:/ti/ccs1040/ccs/tools/compiler/ti-cgt-arm_20.2.5.LTS/bin/armcl" -mv7M4 --code_state=16 --float_support=FPv4SPD16 -me --define=ccs="ccs" --define=CLASS_IS_TM4C129 --define=PART_TM4C1294NCPDT -g --gcc --diag_warning=225 --diag_wrap=off --display_error_number --abi=eabi -z -m"WS2812.map" --heap_size=0 --stack_size=512 -i"C:/ti/ccs1040/ccs/tools/compiler/ti-cgt-arm_20.2.5.LTS/lib" -i"C:/ti/ccs1040/ccs/tools/compiler/ti-cgt-arm_20.2.5.LTS/include" --reread_libs --diag_wrap=off --display_error_number --warn_sections --xml_link_info="WS2812_linkInfo.xml" --rom_model -o "WS2812.out" "./SPI_uDMA_drv.obj" "./WS2812_drv.obj" "./samplePatterns.obj" "./tm4c1294ncpdt_startup_ccs.obj" "./uDMA_example.obj" "../tm4c1294ncpdt.cmd"  -llibc.a -l"C:/ti/tirtos_tivac_2_16_01_14/products/TivaWare_C_Series-2.1.1.71b/driverlib/ccs/Debug/driverlib.lib" 
<Linking>
Finished building target: "WS2812.out"
 

**** Build Finished ****

**** Build of configuration Debug for project WS2812 ****

"C:\\ti\\ccs1040\\ccs\\utils\\bin\\gmake" -k -j 12 all -O 
 
Building file: "../SPI_uDMA_drv.c"
Invoking: Arm Compiler
"C:/ti/ccs1040/ccs/tools/compiler/ti-cgt-arm_20.2.5.LTS/bin/armcl" -mv7M4 --code_state=16 --float_support=FPv4SPD16 -me --include_path="C:/sandbox/WS2812_Drv/WS2812" --include_path="C:/ti/tirtos_tivac_2_16_01_14/products/TivaWare_C_Series-2.1.1.71b" --include_path="C:/ti/ccs1040/ccs/tools/compiler/ti-cgt-arm_20.2.5.LTS/include" --define=ccs="ccs" --define=CLASS_IS_TM4C129 --define=PART_TM4C1294NCPDT -g --gcc --diag_warning=225 --diag_wrap=off --display_error_number --abi=eabi --preproc_with_compile --preproc_dependency="SPI_uDMA_drv.d_raw"  "../SPI_uDMA_drv.c"
Finished building: "../SPI_uDMA_drv.c"
 
Building target: "WS2812.out"
Invoking: Arm Linker
"C:/ti/ccs1040/ccs/tools/compiler/ti-cgt-arm_20.2.5.LTS/bin/armcl" -mv7M4 --code_state=16 --float_support=FPv4SPD16 -me --define=ccs="ccs" --define=CLASS_IS_TM4C129 --define=PART_TM4C1294NCPDT -g --gcc --diag_warning=225 --diag_wrap=off --display_error_number --abi=eabi -z -m"WS2812.map" --heap_size=0 --stack_size=512 -i"C:/ti/ccs1040/ccs/tools/compiler/ti-cgt-arm_20.2.5.LTS/lib" -i"C:/ti/ccs1040/ccs/tools/compiler/ti-cgt-arm_20.2.5.LTS/include" --reread_libs --diag_wrap=off --display_error_number --warn_sections --xml_link_info="WS2812_linkInfo.xml" --rom_model -o "WS2812.out" "./SPI_uDMA_drv.obj" "./WS2812_drv.obj" "./samplePatterns.obj" "./tm4c1294ncpdt_startup_ccs.obj" "./uDMA_example.obj" "../tm4c1294ncpdt.cmd"  -llibc.a -l"C:/ti/tirtos_tivac_2_16_01_14/products/TivaWare_C_Series-2.1.1.71b/driverlib/ccs/Debug/driverlib.lib" 
<Linking>
Finished building target: "WS2812.out"
 

**** Build Finished ****

**** Build of configuration Debug for project WS2812 ****

"C:\\ti\\ccs1040\\ccs\\utils\\bin\\gmake" -k -j 12 all -O 
 
gmake[1]: 'WS2812.out' is up to date.

**** Build Finished ****

**** Build of configuration Debug for project WS2812 ****

"C:\\ti\\ccs1040\\ccs\\utils\\bin\\gmake" -k -j 12 all -O 
 
gmake[1]: 'WS2812.out' is up to date.

**** Build Finished ****

**** Build of configuration Debug for project WS2812 ****

"C:\\ti\\ccs1040\\ccs\\utils\\bin\\gmake" -k -j 12 all -O 
 
Building file: "../uDMA_example.c"
Invoking: Arm Compiler
"C:/ti/ccs1040/ccs/tools/compiler/ti-cgt-arm_20.2.5.LTS/bin/armcl" -mv7M4 --code_state=16 --float_support=FPv4SPD16 -me --include_path="C:/sandbox/WS2812_Drv/WS2812" --include_path="C:/ti/tirtos_tivac_2_16_01_14/products/TivaWare_C_Series-2.1.1.71b" --include_path="C:/ti/ccs1040/ccs/tools/compiler/ti-cgt-arm_20.2.5.LTS/include" --define=ccs="ccs" --define=CLASS_IS_TM4C129 --define=PART_TM4C1294NCPDT -g --gcc --diag_warning=225 --diag_wrap=off --display_error_number --abi=eabi --preproc_with_compile --preproc_dependency="uDMA_example.d_raw"  "../uDMA_example.c"
Finished building: "../uDMA_example.c"
 
Building target: "WS2812.out"
Invoking: Arm Linker
"C:/ti/ccs1040/ccs/tools/compiler/ti-cgt-arm_20.2.5.LTS/bin/armcl" -mv7M4 --code_state=16 --float_support=FPv4SPD16 -me --define=ccs="ccs" --define=CLASS_IS_TM4C129 --define=PART_TM4C1294NCPDT -g --gcc --diag_warning=225 --diag_wrap=off --display_error_number --abi=eabi -z -m"WS2812.map" --heap_size=0 --stack_size=512 -i"C:/ti/ccs1040/ccs/tools/compiler/ti-cgt-arm_20.2.5.LTS/lib" -i"C:/ti/ccs1040/ccs/tools/compiler/ti-cgt-arm_20.2.5.LTS/include" --reread_libs --diag_wrap=off --display_error_number --warn_sections --xml_link_info="WS2812_linkInfo.xml" --rom_model -o "WS2812.out" "./SPI_uDMA_drv.obj" "./WS2812_drv.obj" "./samplePatterns.obj" "./tm4c1294ncpdt_startup_ccs.obj" "./uDMA_example.obj" "../tm4c1294ncpdt.cmd"  -llibc.a -l"C:/ti/tirtos_tivac_2_16_01_14/products/TivaWare_C_Series-2.1.1.71b/driverlib/ccs/Debug/driverlib.lib" 
<Linking>
Finished building target: "WS2812.out"
 

**** Build Finished ****

**** Build of configuration Debug for project WS2812 ****

"C:\\ti\\ccs1040\\ccs\\utils\\bin\\gmake" -k -j 12 all -O 
 
Building file: "../uDMA_example.c"
Invoking: Arm Compiler
"C:/ti/ccs1040/ccs/tools/compiler/ti-cgt-arm_20.2.5.LTS/bin/armcl" -mv7M4 --code_state=16 --float_support=FPv4SPD16 -me --include_path="C:/sandbox/WS2812_Drv/WS2812" --include_path="C:/ti/tirtos_tivac_2_16_01_14/products/TivaWare_C_Series-2.1.1.71b" --include_path="C:/ti/ccs1040/ccs/tools/compiler/ti-cgt-arm_20.2.5.LTS/include" --define=ccs="ccs" --define=CLASS_IS_TM4C129 --define=PART_TM4C1294NCPDT -g --gcc --diag_warning=225 --diag_wrap=off --display_error_number --abi=eabi --preproc_with_compile --preproc_dependency="uDMA_example.d_raw"  "../uDMA_example.c"
Finished building: "../uDMA_example.c"
 
Building target: "WS2812.out"
Invoking: Arm Linker
"C:/ti/ccs1040/ccs/tools/compiler/ti-cgt-arm_20.2.5.LTS/bin/armcl" -mv7M4 --code_state=16 --float_support=FPv4SPD16 -me --define=ccs="ccs" --define=CLASS_IS_TM4C129 --define=PART_TM4C1294NCPDT -g --gcc --diag_warning=225 --diag_wrap=off --display_error_number --abi=eabi -z -m"WS2812.map" --heap_size=0 --stack_size=512 -i"C:/ti/ccs1040/ccs/tools/compiler/ti-cgt-arm_20.2.5.LTS/lib" -i"C:/ti/ccs1040/ccs/tools/compiler/ti-cgt-arm_20.2.5.LTS/include" --reread_libs --diag_wrap=off --display_error_number --warn_sections --xml_link_info="WS2812_linkInfo.xml" --rom_model -o "WS2812.out" "./SPI_uDMA_drv.obj" "./WS2812_drv.obj" "./samplePatterns.obj" "./tm4c1294ncpdt_startup_ccs.obj" "./uDMA_example.obj" "../tm4c1294ncpdt.cmd"  -llibc.a -l"C:/ti/tirtos_tivac_2_16_01_14/products/TivaWare_C_Series-2.1.1.71b/driverlib/ccs/Debug/driverlib.lib" 
<Linking>
Finished building target: "WS2812.out"
 

**** Build Finished ****

**** Build of configuration Debug for project WS2812 ****

"C:\\ti\\ccs1040\\ccs\\utils\\bin\\gmake" -k -j 12 all -O 
 
Building file: "../uDMA_example.c"
Invoking: Arm Compiler
"C:/ti/ccs1040/ccs/tools/compiler/ti-cgt-arm_20.2.5.LTS/bin/armcl" -mv7M4 --code_state=16 --float_support=FPv4SPD16 -me --include_path="C:/sandbox/WS2812_Drv/WS2812" --include_path="C:/ti/tirtos_tivac_2_16_01_14/products/TivaWare_C_Series-2.1.1.71b" --include_path="C:/ti/ccs1040/ccs/tools/compiler/ti-cgt-arm_20.2.5.LTS/include" --define=ccs="ccs" --define=CLASS_IS_TM4C129 --define=PART_TM4C1294NCPDT -g --gcc --diag_warning=225 --diag_wrap=off --display_error_number --abi=eabi --preproc_with_compile --preproc_dependency="uDMA_example.d_raw"  "../uDMA_example.c"
Finished building: "../uDMA_example.c"
 
Building file: "../SPI_uDMA_drv.c"
Invoking: Arm Compiler
"C:/ti/ccs1040/ccs/tools/compiler/ti-cgt-arm_20.2.5.LTS/bin/armcl" -mv7M4 --code_state=16 --float_support=FPv4SPD16 -me --include_path="C:/sandbox/WS2812_Drv/WS2812" --include_path="C:/ti/tirtos_tivac_2_16_01_14/products/TivaWare_C_Series-2.1.1.71b" --include_path="C:/ti/ccs1040/ccs/tools/compiler/ti-cgt-arm_20.2.5.LTS/include" --define=ccs="ccs" --define=CLASS_IS_TM4C129 --define=PART_TM4C1294NCPDT -g --gcc --diag_warning=225 --diag_wrap=off --display_error_number --abi=eabi --preproc_with_compile --preproc_dependency="SPI_uDMA_drv.d_raw"  "../SPI_uDMA_drv.c"
Finished building: "../SPI_uDMA_drv.c"
 
Building target: "WS2812.out"
Invoking: Arm Linker
"C:/ti/ccs1040/ccs/tools/compiler/ti-cgt-arm_20.2.5.LTS/bin/armcl" -mv7M4 --code_state=16 --float_support=FPv4SPD16 -me --define=ccs="ccs" --define=CLASS_IS_TM4C129 --define=PART_TM4C1294NCPDT -g --gcc --diag_warning=225 --diag_wrap=off --display_error_number --abi=eabi -z -m"WS2812.map" --heap_size=0 --stack_size=512 -i"C:/ti/ccs1040/ccs/tools/compiler/ti-cgt-arm_20.2.5.LTS/lib" -i"C:/ti/ccs1040/ccs/tools/compiler/ti-cgt-arm_20.2.5.LTS/include" --reread_libs --diag_wrap=off --display_error_number --warn_sections --xml_link_info="WS2812_linkInfo.xml" --rom_model -o "WS2812.out" "./SPI_uDMA_drv.obj" "./WS2812_drv.obj" "./samplePatterns.obj" "./tm4c1294ncpdt_startup_ccs.obj" "./uDMA_example.obj" "../tm4c1294ncpdt.cmd"  -llibc.a -l"C:/ti/tirtos_tivac_2_16_01_14/products/TivaWare_C_Series-2.1.1.71b/driverlib/ccs/Debug/driverlib.lib" 
<Linking>
Finished building target: "WS2812.out"
 

**** Build Finished ****

**** Build of configuration Debug for project WS2812 ****

"C:\\ti\\ccs1040\\ccs\\utils\\bin\\gmake" -k -j 12 all -O 
 
Building file: "../uDMA_example.c"
Invoking: Arm Compiler
"C:/ti/ccs1040/ccs/tools/compiler/ti-cgt-arm_20.2.5.LTS/bin/armcl" -mv7M4 --code_state=16 --float_support=FPv4SPD16 -me --include_path="C:/sandbox/WS2812_Drv/WS2812" --include_path="C:/ti/tirtos_tivac_2_16_01_14/products/TivaWare_C_Series-2.1.1.71b" --include_path="C:/ti/ccs1040/ccs/tools/compiler/ti-cgt-arm_20.2.5.LTS/include" --define=ccs="ccs" --define=CLASS_IS_TM4C129 --define=PART_TM4C1294NCPDT -g --gcc --diag_warning=225 --diag_wrap=off --display_error_number --abi=eabi --preproc_with_compile --preproc_dependency="uDMA_example.d_raw"  "../uDMA_example.c"
Finished building: "../uDMA_example.c"
 
Building target: "WS2812.out"
Invoking: Arm Linker
"C:/ti/ccs1040/ccs/tools/compiler/ti-cgt-arm_20.2.5.LTS/bin/armcl" -mv7M4 --code_state=16 --float_support=FPv4SPD16 -me --define=ccs="ccs" --define=CLASS_IS_TM4C129 --define=PART_TM4C1294NCPDT -g --gcc --diag_warning=225 --diag_wrap=off --display_error_number --abi=eabi -z -m"WS2812.map" --heap_size=0 --stack_size=512 -i"C:/ti/ccs1040/ccs/tools/compiler/ti-cgt-arm_20.2.5.LTS/lib" -i"C:/ti/ccs1040/ccs/tools/compiler/ti-cgt-arm_20.2.5.LTS/include" --reread_libs --diag_wrap=off --display_error_number --warn_sections --xml_link_info="WS2812_linkInfo.xml" --rom_model -o "WS2812.out" "./SPI_uDMA_drv.obj" "./WS2812_drv.obj" "./samplePatterns.obj" "./tm4c1294ncpdt_startup_ccs.obj" "./uDMA_example.obj" "../tm4c1294ncpdt.cmd"  -llibc.a -l"C:/ti/tirtos_tivac_2_16_01_14/products/TivaWare_C_Series-2.1.1.71b/driverlib/ccs/Debug/driverlib.lib" 
<Linking>
Finished building target: "WS2812.out"
 

**** Build Finished ****

**** Build of configuration Debug for project WS2812 ****

"C:\\ti\\ccs1040\\ccs\\utils\\bin\\gmake" -k -j 12 all -O 
 
Building file: "../uDMA_example.c"
Invoking: Arm Compiler
"C:/ti/ccs1040/ccs/tools/compiler/ti-cgt-arm_20.2.5.LTS/bin/armcl" -mv7M4 --code_state=16 --float_support=FPv4SPD16 -me --include_path="C:/sandbox/WS2812_Drv/WS2812" --include_path="C:/ti/tirtos_tivac_2_16_01_14/products/TivaWare_C_Series-2.1.1.71b" --include_path="C:/ti/ccs1040/ccs/tools/compiler/ti-cgt-arm_20.2.5.LTS/include" --define=ccs="ccs" --define=CLASS_IS_TM4C129 --define=PART_TM4C1294NCPDT -g --gcc --diag_warning=225 --diag_wrap=off --display_error_number --abi=eabi --preproc_with_compile --preproc_dependency="uDMA_example.d_raw"  "../uDMA_example.c"
Finished building: "../uDMA_example.c"
 
Building target: "WS2812.out"
Invoking: Arm Linker
"C:/ti/ccs1040/ccs/tools/compiler/ti-cgt-arm_20.2.5.LTS/bin/armcl" -mv7M4 --code_state=16 --float_support=FPv4SPD16 -me --define=ccs="ccs" --define=CLASS_IS_TM4C129 --define=PART_TM4C1294NCPDT -g --gcc --diag_warning=225 --diag_wrap=off --display_error_number --abi=eabi -z -m"WS2812.map" --heap_size=0 --stack_size=512 -i"C:/ti/ccs1040/ccs/tools/compiler/ti-cgt-arm_20.2.5.LTS/lib" -i"C:/ti/ccs1040/ccs/tools/compiler/ti-cgt-arm_20.2.5.LTS/include" --reread_libs --diag_wrap=off --display_error_number --warn_sections --xml_link_info="WS2812_linkInfo.xml" --rom_model -o "WS2812.out" "./SPI_uDMA_drv.obj" "./WS2812_drv.obj" "./samplePatterns.obj" "./tm4c1294ncpdt_startup_ccs.obj" "./uDMA_example.obj" "../tm4c1294ncpdt.cmd"  -llibc.a -l"C:/ti/tirtos_tivac_2_16_01_14/products/TivaWare_C_Series-2.1.1.71b/driverlib/ccs/Debug/driverlib.lib" 
<Linking>
Finished building target: "WS2812.out"
 

**** Build Finished ****

**** Build of configuration Debug for project WS2812 ****

"C:\\ti\\ccs1040\\ccs\\utils\\bin\\gmake" -k -j 12 all -O 
 
Building file: "../uDMA_example.c"
Invoking: Arm Compiler
"C:/ti/ccs1040/ccs/tools/compiler/ti-cgt-arm_20.2.5.LTS/bin/armcl" -mv7M4 --code_state=16 --float_support=FPv4SPD16 -me --include_path="C:/sandbox/WS2812_Drv/WS2812" --include_path="C:/ti/tirtos_tivac_2_16_01_14/products/TivaWare_C_Series-2.1.1.71b" --include_path="C:/ti/ccs1040/ccs/tools/compiler/ti-cgt-arm_20.2.5.LTS/include" --define=ccs="ccs" --define=CLASS_IS_TM4C129 --define=PART_TM4C1294NCPDT -g --gcc --diag_warning=225 --diag_wrap=off --display_error_number --abi=eabi --preproc_with_compile --preproc_dependency="uDMA_example.d_raw"  "../uDMA_example.c"
Finished building: "../uDMA_example.c"
 
Building target: "WS2812.out"
Invoking: Arm Linker
"C:/ti/ccs1040/ccs/tools/compiler/ti-cgt-arm_20.2.5.LTS/bin/armcl" -mv7M4 --code_state=16 --float_support=FPv4SPD16 -me --define=ccs="ccs" --define=CLASS_IS_TM4C129 --define=PART_TM4C1294NCPDT -g --gcc --diag_warning=225 --diag_wrap=off --display_error_number --abi=eabi -z -m"WS2812.map" --heap_size=0 --stack_size=512 -i"C:/ti/ccs1040/ccs/tools/compiler/ti-cgt-arm_20.2.5.LTS/lib" -i"C:/ti/ccs1040/ccs/tools/compiler/ti-cgt-arm_20.2.5.LTS/include" --reread_libs --diag_wrap=off --display_error_number --warn_sections --xml_link_info="WS2812_linkInfo.xml" --rom_model -o "WS2812.out" "./SPI_uDMA_drv.obj" "./WS2812_drv.obj" "./samplePatterns.obj" "./tm4c1294ncpdt_startup_ccs.obj" "./uDMA_example.obj" "../tm4c1294ncpdt.cmd"  -llibc.a -l"C:/ti/tirtos_tivac_2_16_01_14/products/TivaWare_C_Series-2.1.1.71b/driverlib/ccs/Debug/driverlib.lib" 
<Linking>
Finished building target: "WS2812.out"
 

**** Build Finished ****

**** Build of configuration Debug for project WS2812 ****

"C:\\ti\\ccs1040\\ccs\\utils\\bin\\gmake" -k -j 12 all -O 
 
Building file: "../SPI_uDMA_drv.c"
Invoking: Arm Compiler
"C:/ti/ccs1040/ccs/tools/compiler/ti-cgt-arm_20.2.5.LTS/bin/armcl" -mv7M4 --code_state=16 --float_support=FPv4SPD16 -me --include_path="C:/sandbox/WS2812_Drv/WS2812" --include_path="C:/ti/tirtos_tivac_2_16_01_14/products/TivaWare_C_Series-2.1.1.71b" --include_path="C:/ti/ccs1040/ccs/tools/compiler/ti-cgt-arm_20.2.5.LTS/include" --define=ccs="ccs" --define=CLASS_IS_TM4C129 --define=PART_TM4C1294NCPDT -g --gcc --diag_warning=225 --diag_wrap=off --display_error_number --abi=eabi --preproc_with_compile --preproc_dependency="SPI_uDMA_drv.d_raw"  "../SPI_uDMA_drv.c"
Finished building: "../SPI_uDMA_drv.c"
 
Building target: "WS2812.out"
Invoking: Arm Linker
"C:/ti/ccs1040/ccs/tools/compiler/ti-cgt-arm_20.2.5.LTS/bin/armcl" -mv7M4 --code_state=16 --float_support=FPv4SPD16 -me --define=ccs="ccs" --define=CLASS_IS_TM4C129 --define=PART_TM4C1294NCPDT -g --gcc --diag_warning=225 --diag_wrap=off --display_error_number --abi=eabi -z -m"WS2812.map" --heap_size=0 --stack_size=512 -i"C:/ti/ccs1040/ccs/tools/compiler/ti-cgt-arm_20.2.5.LTS/lib" -i"C:/ti/ccs1040/ccs/tools/compiler/ti-cgt-arm_20.2.5.LTS/include" --reread_libs --diag_wrap=off --display_error_number --warn_sections --xml_link_info="WS2812_linkInfo.xml" --rom_model -o "WS2812.out" "./SPI_uDMA_drv.obj" "./WS2812_drv.obj" "./samplePatterns.obj" "./tm4c1294ncpdt_startup_ccs.obj" "./uDMA_example.obj" "../tm4c1294ncpdt.cmd"  -llibc.a -l"C:/ti/tirtos_tivac_2_16_01_14/products/TivaWare_C_Series-2.1.1.71b/driverlib/ccs/Debug/driverlib.lib" 
<Linking>
Finished building target: "WS2812.out"
 

**** Build Finished ****

**** Build of configuration Debug for project WS2812 ****

"C:\\ti\\ccs1040\\ccs\\utils\\bin\\gmake" -k -j 12 all -O 
 
Building file: "../SPI_uDMA_drv.c"
Invoking: Arm Compiler
"C:/ti/ccs1040/ccs/tools/compiler/ti-cgt-arm_20.2.5.LTS/bin/armcl" -mv7M4 --code_state=16 --float_support=FPv4SPD16 -me --include_path="C:/sandbox/WS2812_Drv/WS2812" --include_path="C:/ti/tirtos_tivac_2_16_01_14/products/TivaWare_C_Series-2.1.1.71b" --include_path="C:/ti/ccs1040/ccs/tools/compiler/ti-cgt-arm_20.2.5.LTS/include" --define=ccs="ccs" --define=CLASS_IS_TM4C129 --define=PART_TM4C1294NCPDT -g --gcc --diag_warning=225 --diag_wrap=off --display_error_number --abi=eabi --preproc_with_compile --preproc_dependency="SPI_uDMA_drv.d_raw"  "../SPI_uDMA_drv.c"
Finished building: "../SPI_uDMA_drv.c"
 
Building target: "WS2812.out"
Invoking: Arm Linker
"C:/ti/ccs1040/ccs/tools/compiler/ti-cgt-arm_20.2.5.LTS/bin/armcl" -mv7M4 --code_state=16 --float_support=FPv4SPD16 -me --define=ccs="ccs" --define=CLASS_IS_TM4C129 --define=PART_TM4C1294NCPDT -g --gcc --diag_warning=225 --diag_wrap=off --display_error_number --abi=eabi -z -m"WS2812.map" --heap_size=0 --stack_size=512 -i"C:/ti/ccs1040/ccs/tools/compiler/ti-cgt-arm_20.2.5.LTS/lib" -i"C:/ti/ccs1040/ccs/tools/compiler/ti-cgt-arm_20.2.5.LTS/include" --reread_libs --diag_wrap=off --display_error_number --warn_sections --xml_link_info="WS2812_linkInfo.xml" --rom_model -o "WS2812.out" "./SPI_uDMA_drv.obj" "./WS2812_drv.obj" "./samplePatterns.obj" "./tm4c1294ncpdt_startup_ccs.obj" "./uDMA_example.obj" "../tm4c1294ncpdt.cmd"  -llibc.a -l"C:/ti/tirtos_tivac_2_16_01_14/products/TivaWare_C_Series-2.1.1.71b/driverlib/ccs/Debug/driverlib.lib" 
<Linking>
Finished building target: "WS2812.out"
 

**** Build Finished ****

**** Build of configuration Debug for project WS2812 ****

"C:\\ti\\ccs1040\\ccs\\utils\\bin\\gmake" -k -j 12 all -O 
 
Building file: "../SPI_uDMA_drv.c"
Invoking: Arm Compiler
"C:/ti/ccs1040/ccs/tools/compiler/ti-cgt-arm_20.2.5.LTS/bin/armcl" -mv7M4 --code_state=16 --float_support=FPv4SPD16 -me --include_path="C:/sandbox/WS2812_Drv/WS2812" --include_path="C:/ti/tirtos_tivac_2_16_01_14/products/TivaWare_C_Series-2.1.1.71b" --include_path="C:/ti/ccs1040/ccs/tools/compiler/ti-cgt-arm_20.2.5.LTS/include" --define=ccs="ccs" --define=CLASS_IS_TM4C129 --define=PART_TM4C1294NCPDT -g --gcc --diag_warning=225 --diag_wrap=off --display_error_number --abi=eabi --preproc_with_compile --preproc_dependency="SPI_uDMA_drv.d_raw"  "../SPI_uDMA_drv.c"
Finished building: "../SPI_uDMA_drv.c"
 
Building target: "WS2812.out"
Invoking: Arm Linker
"C:/ti/ccs1040/ccs/tools/compiler/ti-cgt-arm_20.2.5.LTS/bin/armcl" -mv7M4 --code_state=16 --float_support=FPv4SPD16 -me --define=ccs="ccs" --define=CLASS_IS_TM4C129 --define=PART_TM4C1294NCPDT -g --gcc --diag_warning=225 --diag_wrap=off --display_error_number --abi=eabi -z -m"WS2812.map" --heap_size=0 --stack_size=512 -i"C:/ti/ccs1040/ccs/tools/compiler/ti-cgt-arm_20.2.5.LTS/lib" -i"C:/ti/ccs1040/ccs/tools/compiler/ti-cgt-arm_20.2.5.LTS/include" --reread_libs --diag_wrap=off --display_error_number --warn_sections --xml_link_info="WS2812_linkInfo.xml" --rom_model -o "WS2812.out" "./SPI_uDMA_drv.obj" "./WS2812_drv.obj" "./samplePatterns.obj" "./tm4c1294ncpdt_startup_ccs.obj" "./uDMA_example.obj" "../tm4c1294ncpdt.cmd"  -llibc.a -l"C:/ti/tirtos_tivac_2_16_01_14/products/TivaWare_C_Series-2.1.1.71b/driverlib/ccs/Debug/driverlib.lib" 
<Linking>
Finished building target: "WS2812.out"
 

**** Build Finished ****

**** Build of configuration Debug for project WS2812 ****

"C:\\ti\\ccs1040\\ccs\\utils\\bin\\gmake" -k -j 12 all -O 
 
Building file: "../uDMA_example.c"
Invoking: Arm Compiler
"C:/ti/ccs1040/ccs/tools/compiler/ti-cgt-arm_20.2.5.LTS/bin/armcl" -mv7M4 --code_state=16 --float_support=FPv4SPD16 -me --include_path="C:/sandbox/WS2812_Drv/WS2812" --include_path="C:/ti/tirtos_tivac_2_16_01_14/products/TivaWare_C_Series-2.1.1.71b" --include_path="C:/ti/ccs1040/ccs/tools/compiler/ti-cgt-arm_20.2.5.LTS/include" --define=ccs="ccs" --define=CLASS_IS_TM4C129 --define=PART_TM4C1294NCPDT -g --gcc --diag_warning=225 --diag_wrap=off --display_error_number --abi=eabi --preproc_with_compile --preproc_dependency="uDMA_example.d_raw"  "../uDMA_example.c"
Finished building: "../uDMA_example.c"
 
Building target: "WS2812.out"
Invoking: Arm Linker
"C:/ti/ccs1040/ccs/tools/compiler/ti-cgt-arm_20.2.5.LTS/bin/armcl" -mv7M4 --code_state=16 --float_support=FPv4SPD16 -me --define=ccs="ccs" --define=CLASS_IS_TM4C129 --define=PART_TM4C1294NCPDT -g --gcc --diag_warning=225 --diag_wrap=off --display_error_number --abi=eabi -z -m"WS2812.map" --heap_size=0 --stack_size=512 -i"C:/ti/ccs1040/ccs/tools/compiler/ti-cgt-arm_20.2.5.LTS/lib" -i"C:/ti/ccs1040/ccs/tools/compiler/ti-cgt-arm_20.2.5.LTS/include" --reread_libs --diag_wrap=off --display_error_number --warn_sections --xml_link_info="WS2812_linkInfo.xml" --rom_model -o "WS2812.out" "./SPI_uDMA_drv.obj" "./WS2812_drv.obj" "./samplePatterns.obj" "./tm4c1294ncpdt_startup_ccs.obj" "./uDMA_example.obj" "../tm4c1294ncpdt.cmd"  -llibc.a -l"C:/ti/tirtos_tivac_2_16_01_14/products/TivaWare_C_Series-2.1.1.71b/driverlib/ccs/Debug/driverlib.lib" 
<Linking>
Finished building target: "WS2812.out"
 

**** Build Finished ****

**** Build of configuration Debug for project WS2812 ****

"C:\\ti\\ccs1040\\ccs\\utils\\bin\\gmake" -k -j 12 all -O 
 
Building file: "../SPI_uDMA_drv.c"
Invoking: Arm Compiler
"C:/ti/ccs1040/ccs/tools/compiler/ti-cgt-arm_20.2.5.LTS/bin/armcl" -mv7M4 --code_state=16 --float_support=FPv4SPD16 -me --include_path="C:/sandbox/WS2812_Drv/WS2812" --include_path="C:/ti/tirtos_tivac_2_16_01_14/products/TivaWare_C_Series-2.1.1.71b" --include_path="C:/ti/ccs1040/ccs/tools/compiler/ti-cgt-arm_20.2.5.LTS/include" --define=ccs="ccs" --define=CLASS_IS_TM4C129 --define=PART_TM4C1294NCPDT -g --gcc --diag_warning=225 --diag_wrap=off --display_error_number --abi=eabi --preproc_with_compile --preproc_dependency="SPI_uDMA_drv.d_raw"  "../SPI_uDMA_drv.c"
Finished building: "../SPI_uDMA_drv.c"
 
Building target: "WS2812.out"
Invoking: Arm Linker
"C:/ti/ccs1040/ccs/tools/compiler/ti-cgt-arm_20.2.5.LTS/bin/armcl" -mv7M4 --code_state=16 --float_support=FPv4SPD16 -me --define=ccs="ccs" --define=CLASS_IS_TM4C129 --define=PART_TM4C1294NCPDT -g --gcc --diag_warning=225 --diag_wrap=off --display_error_number --abi=eabi -z -m"WS2812.map" --heap_size=0 --stack_size=512 -i"C:/ti/ccs1040/ccs/tools/compiler/ti-cgt-arm_20.2.5.LTS/lib" -i"C:/ti/ccs1040/ccs/tools/compiler/ti-cgt-arm_20.2.5.LTS/include" --reread_libs --diag_wrap=off --display_error_number --warn_sections --xml_link_info="WS2812_linkInfo.xml" --rom_model -o "WS2812.out" "./SPI_uDMA_drv.obj" "./WS2812_drv.obj" "./samplePatterns.obj" "./tm4c1294ncpdt_startup_ccs.obj" "./uDMA_example.obj" "../tm4c1294ncpdt.cmd"  -llibc.a -l"C:/ti/tirtos_tivac_2_16_01_14/products/TivaWare_C_Series-2.1.1.71b/driverlib/ccs/Debug/driverlib.lib" 
<Linking>
Finished building target: "WS2812.out"
 

**** Build Finished ****

**** Build of configuration Debug for project WS2812 ****

"C:\\ti\\ccs1040\\ccs\\utils\\bin\\gmake" -k -j 12 all -O 
 
Building file: "../SPI_uDMA_drv.c"
Invoking: Arm Compiler
"C:/ti/ccs1040/ccs/tools/compiler/ti-cgt-arm_20.2.5.LTS/bin/armcl" -mv7M4 --code_state=16 --float_support=FPv4SPD16 -me --include_path="C:/sandbox/WS2812_Drv/WS2812" --include_path="C:/ti/tirtos_tivac_2_16_01_14/products/TivaWare_C_Series-2.1.1.71b" --include_path="C:/ti/ccs1040/ccs/tools/compiler/ti-cgt-arm_20.2.5.LTS/include" --define=ccs="ccs" --define=CLASS_IS_TM4C129 --define=PART_TM4C1294NCPDT -g --gcc --diag_warning=225 --diag_wrap=off --display_error_number --abi=eabi --preproc_with_compile --preproc_dependency="SPI_uDMA_drv.d_raw"  "../SPI_uDMA_drv.c"
Finished building: "../SPI_uDMA_drv.c"
 
Building target: "WS2812.out"
Invoking: Arm Linker
"C:/ti/ccs1040/ccs/tools/compiler/ti-cgt-arm_20.2.5.LTS/bin/armcl" -mv7M4 --code_state=16 --float_support=FPv4SPD16 -me --define=ccs="ccs" --define=CLASS_IS_TM4C129 --define=PART_TM4C1294NCPDT -g --gcc --diag_warning=225 --diag_wrap=off --display_error_number --abi=eabi -z -m"WS2812.map" --heap_size=0 --stack_size=512 -i"C:/ti/ccs1040/ccs/tools/compiler/ti-cgt-arm_20.2.5.LTS/lib" -i"C:/ti/ccs1040/ccs/tools/compiler/ti-cgt-arm_20.2.5.LTS/include" --reread_libs --diag_wrap=off --display_error_number --warn_sections --xml_link_info="WS2812_linkInfo.xml" --rom_model -o "WS2812.out" "./SPI_uDMA_drv.obj" "./WS2812_drv.obj" "./samplePatterns.obj" "./tm4c1294ncpdt_startup_ccs.obj" "./uDMA_example.obj" "../tm4c1294ncpdt.cmd"  -llibc.a -l"C:/ti/tirtos_tivac_2_16_01_14/products/TivaWare_C_Series-2.1.1.71b/driverlib/ccs/Debug/driverlib.lib" 
<Linking>
Finished building target: "WS2812.out"
 

**** Build Finished ****

**** Build of configuration Debug for project WS2812 ****

"C:\\ti\\ccs1040\\ccs\\utils\\bin\\gmake" -k -j 12 all -O 
 
Building file: "../SPI_uDMA_drv.c"
Invoking: Arm Compiler
"C:/ti/ccs1040/ccs/tools/compiler/ti-cgt-arm_20.2.5.LTS/bin/armcl" -mv7M4 --code_state=16 --float_support=FPv4SPD16 -me --include_path="C:/sandbox/WS2812_Drv/WS2812" --include_path="C:/ti/tirtos_tivac_2_16_01_14/products/TivaWare_C_Series-2.1.1.71b" --include_path="C:/ti/ccs1040/ccs/tools/compiler/ti-cgt-arm_20.2.5.LTS/include" --define=ccs="ccs" --define=CLASS_IS_TM4C129 --define=PART_TM4C1294NCPDT -g --gcc --diag_warning=225 --diag_wrap=off --display_error_number --abi=eabi --preproc_with_compile --preproc_dependency="SPI_uDMA_drv.d_raw"  "../SPI_uDMA_drv.c"
Finished building: "../SPI_uDMA_drv.c"
 
Building target: "WS2812.out"
Invoking: Arm Linker
"C:/ti/ccs1040/ccs/tools/compiler/ti-cgt-arm_20.2.5.LTS/bin/armcl" -mv7M4 --code_state=16 --float_support=FPv4SPD16 -me --define=ccs="ccs" --define=CLASS_IS_TM4C129 --define=PART_TM4C1294NCPDT -g --gcc --diag_warning=225 --diag_wrap=off --display_error_number --abi=eabi -z -m"WS2812.map" --heap_size=0 --stack_size=512 -i"C:/ti/ccs1040/ccs/tools/compiler/ti-cgt-arm_20.2.5.LTS/lib" -i"C:/ti/ccs1040/ccs/tools/compiler/ti-cgt-arm_20.2.5.LTS/include" --reread_libs --diag_wrap=off --display_error_number --warn_sections --xml_link_info="WS2812_linkInfo.xml" --rom_model -o "WS2812.out" "./SPI_uDMA_drv.obj" "./WS2812_drv.obj" "./samplePatterns.obj" "./tm4c1294ncpdt_startup_ccs.obj" "./uDMA_example.obj" "../tm4c1294ncpdt.cmd"  -llibc.a -l"C:/ti/tirtos_tivac_2_16_01_14/products/TivaWare_C_Series-2.1.1.71b/driverlib/ccs/Debug/driverlib.lib" 
<Linking>
Finished building target: "WS2812.out"
 

**** Build Finished ****

**** Build of configuration Debug for project WS2812 ****

"C:\\ti\\ccs1040\\ccs\\utils\\bin\\gmake" -k -j 12 all -O 
 
Building file: "../SPI_uDMA_drv.c"
Invoking: Arm Compiler
"C:/ti/ccs1040/ccs/tools/compiler/ti-cgt-arm_20.2.5.LTS/bin/armcl" -mv7M4 --code_state=16 --float_support=FPv4SPD16 -me --include_path="C:/sandbox/WS2812_Drv/WS2812" --include_path="C:/ti/tirtos_tivac_2_16_01_14/products/TivaWare_C_Series-2.1.1.71b" --include_path="C:/ti/ccs1040/ccs/tools/compiler/ti-cgt-arm_20.2.5.LTS/include" --define=ccs="ccs" --define=CLASS_IS_TM4C129 --define=PART_TM4C1294NCPDT -g --gcc --diag_warning=225 --diag_wrap=off --display_error_number --abi=eabi --preproc_with_compile --preproc_dependency="SPI_uDMA_drv.d_raw"  "../SPI_uDMA_drv.c"
Finished building: "../SPI_uDMA_drv.c"
 
Building target: "WS2812.out"
Invoking: Arm Linker
"C:/ti/ccs1040/ccs/tools/compiler/ti-cgt-arm_20.2.5.LTS/bin/armcl" -mv7M4 --code_state=16 --float_support=FPv4SPD16 -me --define=ccs="ccs" --define=CLASS_IS_TM4C129 --define=PART_TM4C1294NCPDT -g --gcc --diag_warning=225 --diag_wrap=off --display_error_number --abi=eabi -z -m"WS2812.map" --heap_size=0 --stack_size=512 -i"C:/ti/ccs1040/ccs/tools/compiler/ti-cgt-arm_20.2.5.LTS/lib" -i"C:/ti/ccs1040/ccs/tools/compiler/ti-cgt-arm_20.2.5.LTS/include" --reread_libs --diag_wrap=off --display_error_number --warn_sections --xml_link_info="WS2812_linkInfo.xml" --rom_model -o "WS2812.out" "./SPI_uDMA_drv.obj" "./WS2812_drv.obj" "./samplePatterns.obj" "./tm4c1294ncpdt_startup_ccs.obj" "./uDMA_example.obj" "../tm4c1294ncpdt.cmd"  -llibc.a -l"C:/ti/tirtos_tivac_2_16_01_14/products/TivaWare_C_Series-2.1.1.71b/driverlib/ccs/Debug/driverlib.lib" 
<Linking>
Finished building target: "WS2812.out"
 

**** Build Finished ****

**** Build of configuration Debug for project WS2812 ****

"C:\\ti\\ccs1040\\ccs\\utils\\bin\\gmake" -k -j 12 all -O 
 
Building file: "../SPI_uDMA_drv.c"
Invoking: Arm Compiler
"C:/ti/ccs1040/ccs/tools/compiler/ti-cgt-arm_20.2.5.LTS/bin/armcl" -mv7M4 --code_state=16 --float_support=FPv4SPD16 -me --include_path="C:/sandbox/WS2812_Drv/WS2812" --include_path="C:/ti/tirtos_tivac_2_16_01_14/products/TivaWare_C_Series-2.1.1.71b" --include_path="C:/ti/ccs1040/ccs/tools/compiler/ti-cgt-arm_20.2.5.LTS/include" --define=ccs="ccs" --define=CLASS_IS_TM4C129 --define=PART_TM4C1294NCPDT -g --gcc --diag_warning=225 --diag_wrap=off --display_error_number --abi=eabi --preproc_with_compile --preproc_dependency="SPI_uDMA_drv.d_raw"  "../SPI_uDMA_drv.c"
Finished building: "../SPI_uDMA_drv.c"
 
Building target: "WS2812.out"
Invoking: Arm Linker
"C:/ti/ccs1040/ccs/tools/compiler/ti-cgt-arm_20.2.5.LTS/bin/armcl" -mv7M4 --code_state=16 --float_support=FPv4SPD16 -me --define=ccs="ccs" --define=CLASS_IS_TM4C129 --define=PART_TM4C1294NCPDT -g --gcc --diag_warning=225 --diag_wrap=off --display_error_number --abi=eabi -z -m"WS2812.map" --heap_size=0 --stack_size=512 -i"C:/ti/ccs1040/ccs/tools/compiler/ti-cgt-arm_20.2.5.LTS/lib" -i"C:/ti/ccs1040/ccs/tools/compiler/ti-cgt-arm_20.2.5.LTS/include" --reread_libs --diag_wrap=off --display_error_number --warn_sections --xml_link_info="WS2812_linkInfo.xml" --rom_model -o "WS2812.out" "./SPI_uDMA_drv.obj" "./WS2812_drv.obj" "./samplePatterns.obj" "./tm4c1294ncpdt_startup_ccs.obj" "./uDMA_example.obj" "../tm4c1294ncpdt.cmd"  -llibc.a -l"C:/ti/tirtos_tivac_2_16_01_14/products/TivaWare_C_Series-2.1.1.71b/driverlib/ccs/Debug/driverlib.lib" 
<Linking>
Finished building target: "WS2812.out"
 

**** Build Finished ****

**** Build of configuration Debug for project WS2812 ****

"C:\\ti\\ccs1040\\ccs\\utils\\bin\\gmake" -k -j 12 all -O 
 
Building file: "../SPI_uDMA_drv.c"
Invoking: Arm Compiler
"C:/ti/ccs1040/ccs/tools/compiler/ti-cgt-arm_20.2.5.LTS/bin/armcl" -mv7M4 --code_state=16 --float_support=FPv4SPD16 -me --include_path="C:/sandbox/WS2812_Drv/WS2812" --include_path="C:/ti/tirtos_tivac_2_16_01_14/products/TivaWare_C_Series-2.1.1.71b" --include_path="C:/ti/ccs1040/ccs/tools/compiler/ti-cgt-arm_20.2.5.LTS/include" --define=ccs="ccs" --define=CLASS_IS_TM4C129 --define=PART_TM4C1294NCPDT -g --gcc --diag_warning=225 --diag_wrap=off --display_error_number --abi=eabi --preproc_with_compile --preproc_dependency="SPI_uDMA_drv.d_raw"  "../SPI_uDMA_drv.c"
Finished building: "../SPI_uDMA_drv.c"
 
Building target: "WS2812.out"
Invoking: Arm Linker
"C:/ti/ccs1040/ccs/tools/compiler/ti-cgt-arm_20.2.5.LTS/bin/armcl" -mv7M4 --code_state=16 --float_support=FPv4SPD16 -me --define=ccs="ccs" --define=CLASS_IS_TM4C129 --define=PART_TM4C1294NCPDT -g --gcc --diag_warning=225 --diag_wrap=off --display_error_number --abi=eabi -z -m"WS2812.map" --heap_size=0 --stack_size=512 -i"C:/ti/ccs1040/ccs/tools/compiler/ti-cgt-arm_20.2.5.LTS/lib" -i"C:/ti/ccs1040/ccs/tools/compiler/ti-cgt-arm_20.2.5.LTS/include" --reread_libs --diag_wrap=off --display_error_number --warn_sections --xml_link_info="WS2812_linkInfo.xml" --rom_model -o "WS2812.out" "./SPI_uDMA_drv.obj" "./WS2812_drv.obj" "./samplePatterns.obj" "./tm4c1294ncpdt_startup_ccs.obj" "./uDMA_example.obj" "../tm4c1294ncpdt.cmd"  -llibc.a -l"C:/ti/tirtos_tivac_2_16_01_14/products/TivaWare_C_Series-2.1.1.71b/driverlib/ccs/Debug/driverlib.lib" 
<Linking>
Finished building target: "WS2812.out"
 

**** Build Finished ****

**** Build of configuration Debug for project WS2812 ****

"C:\\ti\\ccs1040\\ccs\\utils\\bin\\gmake" -k -j 12 all -O 
 
Building file: "../SPI_uDMA_drv.c"
Invoking: Arm Compiler
"C:/ti/ccs1040/ccs/tools/compiler/ti-cgt-arm_20.2.5.LTS/bin/armcl" -mv7M4 --code_state=16 --float_support=FPv4SPD16 -me --include_path="C:/sandbox/WS2812_Drv/WS2812" --include_path="C:/ti/tirtos_tivac_2_16_01_14/products/TivaWare_C_Series-2.1.1.71b" --include_path="C:/ti/ccs1040/ccs/tools/compiler/ti-cgt-arm_20.2.5.LTS/include" --define=ccs="ccs" --define=CLASS_IS_TM4C129 --define=PART_TM4C1294NCPDT -g --gcc --diag_warning=225 --diag_wrap=off --display_error_number --abi=eabi --preproc_with_compile --preproc_dependency="SPI_uDMA_drv.d_raw"  "../SPI_uDMA_drv.c"
Finished building: "../SPI_uDMA_drv.c"
 
Building target: "WS2812.out"
Invoking: Arm Linker
"C:/ti/ccs1040/ccs/tools/compiler/ti-cgt-arm_20.2.5.LTS/bin/armcl" -mv7M4 --code_state=16 --float_support=FPv4SPD16 -me --define=ccs="ccs" --define=CLASS_IS_TM4C129 --define=PART_TM4C1294NCPDT -g --gcc --diag_warning=225 --diag_wrap=off --display_error_number --abi=eabi -z -m"WS2812.map" --heap_size=0 --stack_size=512 -i"C:/ti/ccs1040/ccs/tools/compiler/ti-cgt-arm_20.2.5.LTS/lib" -i"C:/ti/ccs1040/ccs/tools/compiler/ti-cgt-arm_20.2.5.LTS/include" --reread_libs --diag_wrap=off --display_error_number --warn_sections --xml_link_info="WS2812_linkInfo.xml" --rom_model -o "WS2812.out" "./SPI_uDMA_drv.obj" "./WS2812_drv.obj" "./samplePatterns.obj" "./tm4c1294ncpdt_startup_ccs.obj" "./uDMA_example.obj" "../tm4c1294ncpdt.cmd"  -llibc.a -l"C:/ti/tirtos_tivac_2_16_01_14/products/TivaWare_C_Series-2.1.1.71b/driverlib/ccs/Debug/driverlib.lib" 
<Linking>
Finished building target: "WS2812.out"
 

**** Build Finished ****
